2015-08-09 00:46:18,849 [http-bio-8080-exec-4] ERROR StackTrace  - Full Stack Trace:
org.codehaus.groovy.grails.web.mapping.exceptions.UrlMappingException: Error mapping onto view [task/index]: Error processing GroovyPageView: Error executing tag <g:remoteLink>: Unable to create URL for mapping [/(*)/(*)?/(*)?(.(*))?] and parameters [{action=create}]. Parameter [controller] is required, but was not specified!
	at org.codehaus.groovy.grails.web.mapping.filter.UrlMappingsFilter.renderViewForUrlMappingInfo(UrlMappingsFilter.java:420)
	at org.codehaus.groovy.grails.web.mapping.filter.UrlMappingsFilter.doFilterInternal(UrlMappingsFilter.java:222)
	at org.springframework.web.filter.OncePerRequestFilter.doFilter(OncePerRequestFilter.java:107)
	at org.apache.catalina.core.ApplicationFilterChain.internalDoFilter(ApplicationFilterChain.java:241)
	at org.apache.catalina.core.ApplicationFilterChain.doFilter(ApplicationFilterChain.java:208)
	at org.codehaus.groovy.grails.web.servlet.mvc.GrailsWebRequestFilter.doFilterInternal(GrailsWebRequestFilter.java:69)
	at org.springframework.web.filter.OncePerRequestFilter.doFilter(OncePerRequestFilter.java:107)
	at org.apache.catalina.core.ApplicationFilterChain.internalDoFilter(ApplicationFilterChain.java:241)
	at org.apache.catalina.core.ApplicationFilterChain.doFilter(ApplicationFilterChain.java:208)
	at org.codehaus.groovy.grails.web.filters.HiddenHttpMethodFilter.doFilterInternal(HiddenHttpMethodFilter.java:67)
	at org.springframework.web.filter.OncePerRequestFilter.doFilter(OncePerRequestFilter.java:107)
	at org.apache.catalina.core.ApplicationFilterChain.internalDoFilter(ApplicationFilterChain.java:241)
	at org.apache.catalina.core.ApplicationFilterChain.doFilter(ApplicationFilterChain.java:208)
	at org.springframework.web.filter.CharacterEncodingFilter.doFilterInternal(CharacterEncodingFilter.java:88)
	at org.springframework.web.filter.OncePerRequestFilter.doFilter(OncePerRequestFilter.java:107)
	at org.springframework.web.filter.DelegatingFilterProxy.invokeDelegate(DelegatingFilterProxy.java:344)
	at org.springframework.web.filter.DelegatingFilterProxy.doFilter(DelegatingFilterProxy.java:261)
	at org.apache.catalina.core.ApplicationFilterChain.internalDoFilter(ApplicationFilterChain.java:241)
	at org.apache.catalina.core.ApplicationFilterChain.doFilter(ApplicationFilterChain.java:208)
	at org.apache.catalina.core.StandardWrapperValve.invoke(StandardWrapperValve.java:220)
	at org.apache.catalina.core.StandardContextValve.invoke(StandardContextValve.java:122)
	at org.apache.catalina.core.StandardHostValve.invoke(StandardHostValve.java:171)
	at org.apache.catalina.valves.ErrorReportValve.invoke(ErrorReportValve.java:103)
	at org.apache.catalina.core.StandardEngineValve.invoke(StandardEngineValve.java:116)
	at org.apache.catalina.connector.CoyoteAdapter.service(CoyoteAdapter.java:408)
	at org.apache.coyote.http11.AbstractHttp11Processor.process(AbstractHttp11Processor.java:1070)
	at org.apache.coyote.AbstractProtocol$AbstractConnectionHandler.process(AbstractProtocol.java:611)
	at org.apache.tomcat.util.net.JIoEndpoint$SocketProcessor.run(JIoEndpoint.java:314)
	at java.util.concurrent.ThreadPoolExecutor.runWorker(ThreadPoolExecutor.java:1142)
	at java.util.concurrent.ThreadPoolExecutor$Worker.run(ThreadPoolExecutor.java:617)
	at org.apache.tomcat.util.threads.TaskThread$WrappingRunnable.run(TaskThread.java:61)
	at java.lang.Thread.run(Thread.java:745)
Caused by: org.codehaus.groovy.grails.web.pages.exceptions.GroovyPagesException: Error processing GroovyPageView: Error executing tag <g:remoteLink>: Unable to create URL for mapping [/(*)/(*)?/(*)?(.(*))?] and parameters [{action=create}]. Parameter [controller] is required, but was not specified!
	at org.codehaus.groovy.grails.web.servlet.view.GroovyPageView.createGroovyPageException(GroovyPageView.java:127)
	at org.codehaus.groovy.grails.web.servlet.view.GroovyPageView.handleException(GroovyPageView.java:104)
	at org.codehaus.groovy.grails.web.servlet.view.GroovyPageView.renderTemplate(GroovyPageView.java:75)
	at org.codehaus.groovy.grails.web.servlet.view.AbstractGrailsView.renderWithinGrailsWebRequest(AbstractGrailsView.java:49)
	at org.codehaus.groovy.grails.web.servlet.view.AbstractGrailsView.renderMergedOutputModel(AbstractGrailsView.java:33)
	at org.springframework.web.servlet.view.AbstractView.render(AbstractView.java:267)
	at org.codehaus.groovy.grails.web.sitemesh.GrailsLayoutView.renderInnerView(GrailsLayoutView.java:116)
	at org.codehaus.groovy.grails.web.sitemesh.GrailsLayoutView.obtainContent(GrailsLayoutView.java:97)
	at org.codehaus.groovy.grails.web.sitemesh.GrailsLayoutView.renderTemplate(GrailsLayoutView.java:55)
	at org.codehaus.groovy.grails.web.servlet.view.AbstractGrailsView.renderWithinGrailsWebRequest(AbstractGrailsView.java:49)
	at org.codehaus.groovy.grails.web.servlet.view.AbstractGrailsView.renderMergedOutputModel(AbstractGrailsView.java:33)
	at org.springframework.web.servlet.view.AbstractView.render(AbstractView.java:267)
	at org.codehaus.groovy.grails.web.mapping.filter.UrlMappingsFilter.renderViewForUrlMappingInfo(UrlMappingsFilter.java:401)
	... 31 more
Caused by: org.codehaus.groovy.grails.web.taglib.exceptions.GrailsTagException: Error executing tag <g:remoteLink>: Unable to create URL for mapping [/(*)/(*)?/(*)?(.(*))?] and parameters [{action=create}]. Parameter [controller] is required, but was not specified!
	at org.codehaus.groovy.grails.web.pages.GroovyPage.throwRootCause(GroovyPage.java:527)
	at org.codehaus.groovy.grails.web.pages.GroovyPage.invokeTag(GroovyPage.java:470)
	at sun.reflect.NativeMethodAccessorImpl.invoke0(Native Method)
	at sun.reflect.NativeMethodAccessorImpl.invoke(NativeMethodAccessorImpl.java:62)
	at sun.reflect.DelegatingMethodAccessorImpl.invoke(DelegatingMethodAccessorImpl.java:43)
	at java.lang.reflect.Method.invoke(Method.java:497)
	at org.springsource.loaded.ri.ReflectiveInterceptor.jlrMethodInvoke(ReflectiveInterceptor.java:1270)
	at org.codehaus.groovy.reflection.CachedMethod.invoke(CachedMethod.java:90)
	at groovy.lang.MetaMethod.doMethodInvoke(MetaMethod.java:324)
	at groovy.lang.MetaClassImpl.invokeMethod(MetaClassImpl.java:1206)
	at groovy.lang.ExpandoMetaClass.invokeMethod(ExpandoMetaClass.java:1120)
	at groovy.lang.MetaClassImpl.invokeMethod(MetaClassImpl.java:1015)
	at groovy.lang.MetaClassImpl.invokeMethod(MetaClassImpl.java:1110)
	at groovy.lang.ExpandoMetaClass.invokeMethod(ExpandoMetaClass.java:1120)
	at groovy.lang.MetaClassImpl.invokeMethod(MetaClassImpl.java:1015)
	at org.codehaus.groovy.runtime.callsite.PogoMetaClassSite.callCurrent(PogoMetaClassSite.java:66)
	at org.codehaus.groovy.runtime.callsite.CallSiteArray.defaultCallCurrent(CallSiteArray.java:49)
	at org.codehaus.groovy.runtime.callsite.AbstractCallSite.callCurrent(AbstractCallSite.java:133)
	at C__Users_Karina_Desktop_tasks_grails_app_views_task_index_gsp$_run_closure2.doCall(C__Users_Karina_Desktop_tasks_grails_app_views_task_index_gsp:106)
	at sun.reflect.NativeMethodAccessorImpl.invoke0(Native Method)
	at sun.reflect.NativeMethodAccessorImpl.invoke(NativeMethodAccessorImpl.java:62)
	at sun.reflect.DelegatingMethodAccessorImpl.invoke(DelegatingMethodAccessorImpl.java:43)
	at java.lang.reflect.Method.invoke(Method.java:497)
	at org.springsource.loaded.ri.ReflectiveInterceptor.jlrMethodInvoke(ReflectiveInterceptor.java:1270)
	at org.codehaus.groovy.reflection.CachedMethod.invoke(CachedMethod.java:90)
	at groovy.lang.MetaMethod.doMethodInvoke(MetaMethod.java:324)
	at groovy.lang.MetaClassImpl.invokeMethod(MetaClassImpl.java:1206)
	at groovy.lang.ExpandoMetaClass.invokeMethod(ExpandoMetaClass.java:1120)
	at groovy.lang.MetaClassImpl.invokeMethod(MetaClassImpl.java:1015)
	at groovy.lang.Closure.call(Closure.java:423)
	at groovy.lang.Closure.call(Closure.java:417)
	at org.codehaus.groovy.grails.web.taglib.GroovyPageTagBody.executeClosure(GroovyPageTagBody.java:206)
	at org.codehaus.groovy.grails.web.taglib.GroovyPageTagBody.captureClosureOutput(GroovyPageTagBody.java:108)
	at org.codehaus.groovy.grails.web.taglib.GroovyPageTagBody.call(GroovyPageTagBody.java:219)
	at org.codehaus.groovy.grails.plugins.web.taglib.SitemeshTagLib.captureTagContent(SitemeshTagLib.groovy:49)
	at org.codehaus.groovy.grails.plugins.web.taglib.SitemeshTagLib.captureTagContent(SitemeshTagLib.groovy)
	at org.codehaus.groovy.grails.plugins.web.taglib.SitemeshTagLib$_closure3.doCall(SitemeshTagLib.groovy:157)
	at sun.reflect.NativeMethodAccessorImpl.invoke0(Native Method)
	at sun.reflect.NativeMethodAccessorImpl.invoke(NativeMethodAccessorImpl.java:62)
	at sun.reflect.DelegatingMethodAccessorImpl.invoke(DelegatingMethodAccessorImpl.java:43)
	at java.lang.reflect.Method.invoke(Method.java:497)
	at org.springsource.loaded.ri.ReflectiveInterceptor.jlrMethodInvoke(ReflectiveInterceptor.java:1270)
	at org.codehaus.groovy.reflection.CachedMethod.invoke(CachedMethod.java:90)
	at groovy.lang.MetaMethod.doMethodInvoke(MetaMethod.java:324)
	at groovy.lang.MetaClassImpl.invokeMethod(MetaClassImpl.java:1206)
	at groovy.lang.ExpandoMetaClass.invokeMethod(ExpandoMetaClass.java:1120)
	at groovy.lang.MetaClassImpl.invokeMethod(MetaClassImpl.java:1015)
	at groovy.lang.Closure.call(Closure.java:423)
	at org.codehaus.groovy.grails.web.pages.GroovyPage.invokeTagLibClosure(GroovyPage.java:501)
	at org.codehaus.groovy.grails.web.pages.GroovyPage.invokeTag(GroovyPage.java:419)
	at org.codehaus.groovy.grails.web.pages.GroovyPage$invokeTag$4.callCurrent(Unknown Source)
	at org.codehaus.groovy.runtime.callsite.CallSiteArray.defaultCallCurrent(CallSiteArray.java:49)
	at org.codehaus.groovy.runtime.callsite.AbstractCallSite.callCurrent(AbstractCallSite.java:133)
	at C__Users_Karina_Desktop_tasks_grails_app_views_task_index_gsp.run(C__Users_Karina_Desktop_tasks_grails_app_views_task_index_gsp:116)
	at org.codehaus.groovy.grails.web.pages.GroovyPageWritable.doWriteTo(GroovyPageWritable.java:217)
	at org.codehaus.groovy.grails.web.pages.GroovyPageWritable.writeTo(GroovyPageWritable.java:128)
	at org.codehaus.groovy.grails.web.servlet.view.GroovyPageView.renderTemplate(GroovyPageView.java:71)
	... 41 more
Caused by: org.codehaus.groovy.grails.web.mapping.exceptions.UrlMappingException: Unable to create URL for mapping [/(*)/(*)?/(*)?(.(*))?] and parameters [{action=create}]. Parameter [controller] is required, but was not specified!
	at org.codehaus.groovy.grails.web.mapping.RegexUrlMapping.createURLInternal(RegexUrlMapping.java:349)
	at org.codehaus.groovy.grails.web.mapping.RegexUrlMapping.createURLInternal(RegexUrlMapping.java:449)
	at org.codehaus.groovy.grails.web.mapping.RegexUrlMapping.createRelativeURL(RegexUrlMapping.java:481)
	at org.codehaus.groovy.grails.web.mapping.UrlCreatorCache$CachingUrlCreator.createRelativeURL(UrlCreatorCache.java:108)
	at org.codehaus.groovy.grails.web.mapping.UrlCreatorCache$CachingUrlCreator.createRelativeURL(UrlCreatorCache.java:94)
	at org.codehaus.groovy.grails.web.mapping.DefaultLinkGenerator.link(DefaultLinkGenerator.groovy:246)
	at org.codehaus.groovy.grails.web.mapping.CachingLinkGenerator.link(CachingLinkGenerator.java:80)
	at asset.pipeline.grails.CachingLinkGenerator.link(CachingLinkGenerator.groovy)
	at org.codehaus.groovy.grails.web.mapping.LinkGenerator$link.call(Unknown Source)
	at org.codehaus.groovy.runtime.callsite.CallSiteArray.defaultCall(CallSiteArray.java:45)
	at org.codehaus.groovy.runtime.callsite.AbstractCallSite.call(AbstractCallSite.java:108)
	at org.codehaus.groovy.runtime.callsite.AbstractCallSite.call(AbstractCallSite.java:120)
	at org.codehaus.groovy.grails.plugins.web.taglib.ApplicationTagLib$_closure9.doCall(ApplicationTagLib.groovy:371)
	at sun.reflect.NativeMethodAccessorImpl.invoke0(Native Method)
	at sun.reflect.NativeMethodAccessorImpl.invoke(NativeMethodAccessorImpl.java:62)
	at sun.reflect.DelegatingMethodAccessorImpl.invoke(DelegatingMethodAccessorImpl.java:43)
	at java.lang.reflect.Method.invoke(Method.java:497)
	at org.springsource.loaded.ri.ReflectiveInterceptor.jlrMethodInvoke(ReflectiveInterceptor.java:1270)
	at org.codehaus.groovy.reflection.CachedMethod.invoke(CachedMethod.java:90)
	at groovy.lang.MetaMethod.doMethodInvoke(MetaMethod.java:324)
	at groovy.lang.MetaClassImpl.invokeMethod(MetaClassImpl.java:1206)
	at groovy.lang.ExpandoMetaClass.invokeMethod(ExpandoMetaClass.java:1120)
	at groovy.lang.MetaClassImpl.invokeMethod(MetaClassImpl.java:1015)
	at groovy.lang.Closure.call(Closure.java:423)
	at org.codehaus.groovy.grails.web.pages.GroovyPage.captureTagOutput(GroovyPage.java:572)
	at org.codehaus.groovy.grails.web.util.TagLibraryMetaUtils$_registerMethodMissingForTags_closure3.doCall(TagLibraryMetaUtils.groovy:55)
	at sun.reflect.NativeMethodAccessorImpl.invoke0(Native Method)
	at sun.reflect.NativeMethodAccessorImpl.invoke(NativeMethodAccessorImpl.java:62)
	at sun.reflect.DelegatingMethodAccessorImpl.invoke(DelegatingMethodAccessorImpl.java:43)
	at java.lang.reflect.Method.invoke(Method.java:497)
	at org.springsource.loaded.ri.ReflectiveInterceptor.jlrMethodInvoke(ReflectiveInterceptor.java:1270)
	at org.codehaus.groovy.reflection.CachedMethod.invoke(CachedMethod.java:90)
	at org.codehaus.groovy.runtime.metaclass.ClosureMetaMethod.invoke(ClosureMetaMethod.java:80)
	at groovy.lang.MetaMethod.doMethodInvoke(MetaMethod.java:324)
	at groovy.lang.MetaClassImpl.invokeMethod(MetaClassImpl.java:1206)
	at groovy.lang.ExpandoMetaClass.invokeMethod(ExpandoMetaClass.java:1120)
	at groovy.lang.MetaClassImpl.invokeMethod(MetaClassImpl.java:1015)
	at groovy.lang.MetaClassImpl.invokeMethod(MetaClassImpl.java:1151)
	at groovy.lang.ExpandoMetaClass.invokeMethod(ExpandoMetaClass.java:1120)
	at groovy.lang.MetaClassImpl.invokeMethod(MetaClassImpl.java:1015)
	at org.codehaus.groovy.runtime.callsite.PogoMetaClassSite.callCurrent(PogoMetaClassSite.java:66)
	at org.codehaus.groovy.runtime.callsite.CallSiteArray.defaultCallCurrent(CallSiteArray.java:49)
	at org.codehaus.groovy.runtime.callsite.AbstractCallSite.callCurrent(AbstractCallSite.java:133)
	at org.codehaus.groovy.runtime.callsite.AbstractCallSite.callCurrent(AbstractCallSite.java:141)
	at org.codehaus.groovy.grails.plugins.web.taglib.JavascriptTagLib$_closure3.doCall(JavascriptTagLib.groovy:260)
	at sun.reflect.NativeMethodAccessorImpl.invoke0(Native Method)
	at sun.reflect.NativeMethodAccessorImpl.invoke(NativeMethodAccessorImpl.java:62)
	at sun.reflect.DelegatingMethodAccessorImpl.invoke(DelegatingMethodAccessorImpl.java:43)
	at java.lang.reflect.Method.invoke(Method.java:497)
	at org.springsource.loaded.ri.ReflectiveInterceptor.jlrMethodInvoke(ReflectiveInterceptor.java:1270)
	at org.codehaus.groovy.reflection.CachedMethod.invoke(CachedMethod.java:90)
	at groovy.lang.MetaMethod.doMethodInvoke(MetaMethod.java:324)
	at groovy.lang.MetaClassImpl.invokeMethod(MetaClassImpl.java:1206)
	at groovy.lang.ExpandoMetaClass.invokeMethod(ExpandoMetaClass.java:1120)
	at groovy.lang.MetaClassImpl.invokeMethod(MetaClassImpl.java:1015)
	at groovy.lang.Closure.call(Closure.java:423)
	at org.codehaus.groovy.grails.web.pages.GroovyPage.invokeTagLibClosure(GroovyPage.java:501)
	at org.codehaus.groovy.grails.web.pages.GroovyPage.invokeTag(GroovyPage.java:419)
	... 96 more
2015-08-09 00:46:18,854 [http-bio-8080-exec-4] ERROR StackTrace  - Full Stack Trace:
org.codehaus.groovy.grails.web.pages.exceptions.GroovyPagesException: Error processing GroovyPageView: Error executing tag <g:remoteLink>: Unable to create URL for mapping [/(*)/(*)?/(*)?(.(*))?] and parameters [{action=create}]. Parameter [controller] is required, but was not specified!
	at org.codehaus.groovy.grails.web.servlet.view.GroovyPageView.createGroovyPageException(GroovyPageView.java:127)
	at org.codehaus.groovy.grails.web.servlet.view.GroovyPageView.handleException(GroovyPageView.java:104)
	at org.codehaus.groovy.grails.web.servlet.view.GroovyPageView.renderTemplate(GroovyPageView.java:75)
	at org.codehaus.groovy.grails.web.servlet.view.AbstractGrailsView.renderWithinGrailsWebRequest(AbstractGrailsView.java:49)
	at org.codehaus.groovy.grails.web.servlet.view.AbstractGrailsView.renderMergedOutputModel(AbstractGrailsView.java:33)
	at org.springframework.web.servlet.view.AbstractView.render(AbstractView.java:267)
	at org.codehaus.groovy.grails.web.sitemesh.GrailsLayoutView.renderInnerView(GrailsLayoutView.java:116)
	at org.codehaus.groovy.grails.web.sitemesh.GrailsLayoutView.obtainContent(GrailsLayoutView.java:97)
	at org.codehaus.groovy.grails.web.sitemesh.GrailsLayoutView.renderTemplate(GrailsLayoutView.java:55)
	at org.codehaus.groovy.grails.web.servlet.view.AbstractGrailsView.renderWithinGrailsWebRequest(AbstractGrailsView.java:49)
	at org.codehaus.groovy.grails.web.servlet.view.AbstractGrailsView.renderMergedOutputModel(AbstractGrailsView.java:33)
	at org.springframework.web.servlet.view.AbstractView.render(AbstractView.java:267)
	at org.codehaus.groovy.grails.web.mapping.filter.UrlMappingsFilter.renderViewForUrlMappingInfo(UrlMappingsFilter.java:401)
	at org.codehaus.groovy.grails.web.mapping.filter.UrlMappingsFilter.doFilterInternal(UrlMappingsFilter.java:222)
	at org.springframework.web.filter.OncePerRequestFilter.doFilter(OncePerRequestFilter.java:107)
	at org.apache.catalina.core.ApplicationFilterChain.internalDoFilter(ApplicationFilterChain.java:241)
	at org.apache.catalina.core.ApplicationFilterChain.doFilter(ApplicationFilterChain.java:208)
	at org.codehaus.groovy.grails.web.servlet.mvc.GrailsWebRequestFilter.doFilterInternal(GrailsWebRequestFilter.java:69)
	at org.springframework.web.filter.OncePerRequestFilter.doFilter(OncePerRequestFilter.java:107)
	at org.apache.catalina.core.ApplicationFilterChain.internalDoFilter(ApplicationFilterChain.java:241)
	at org.apache.catalina.core.ApplicationFilterChain.doFilter(ApplicationFilterChain.java:208)
	at org.codehaus.groovy.grails.web.filters.HiddenHttpMethodFilter.doFilterInternal(HiddenHttpMethodFilter.java:67)
	at org.springframework.web.filter.OncePerRequestFilter.doFilter(OncePerRequestFilter.java:107)
	at org.apache.catalina.core.ApplicationFilterChain.internalDoFilter(ApplicationFilterChain.java:241)
	at org.apache.catalina.core.ApplicationFilterChain.doFilter(ApplicationFilterChain.java:208)
	at org.springframework.web.filter.CharacterEncodingFilter.doFilterInternal(CharacterEncodingFilter.java:88)
	at org.springframework.web.filter.OncePerRequestFilter.doFilter(OncePerRequestFilter.java:107)
	at org.springframework.web.filter.DelegatingFilterProxy.invokeDelegate(DelegatingFilterProxy.java:344)
	at org.springframework.web.filter.DelegatingFilterProxy.doFilter(DelegatingFilterProxy.java:261)
	at org.apache.catalina.core.ApplicationFilterChain.internalDoFilter(ApplicationFilterChain.java:241)
	at org.apache.catalina.core.ApplicationFilterChain.doFilter(ApplicationFilterChain.java:208)
	at org.apache.catalina.core.StandardWrapperValve.invoke(StandardWrapperValve.java:220)
	at org.apache.catalina.core.StandardContextValve.invoke(StandardContextValve.java:122)
	at org.apache.catalina.core.StandardHostValve.invoke(StandardHostValve.java:171)
	at org.apache.catalina.valves.ErrorReportValve.invoke(ErrorReportValve.java:103)
	at org.apache.catalina.core.StandardEngineValve.invoke(StandardEngineValve.java:116)
	at org.apache.catalina.connector.CoyoteAdapter.service(CoyoteAdapter.java:408)
	at org.apache.coyote.http11.AbstractHttp11Processor.process(AbstractHttp11Processor.java:1070)
	at org.apache.coyote.AbstractProtocol$AbstractConnectionHandler.process(AbstractProtocol.java:611)
	at org.apache.tomcat.util.net.JIoEndpoint$SocketProcessor.run(JIoEndpoint.java:314)
	at java.util.concurrent.ThreadPoolExecutor.runWorker(ThreadPoolExecutor.java:1142)
	at java.util.concurrent.ThreadPoolExecutor$Worker.run(ThreadPoolExecutor.java:617)
	at org.apache.tomcat.util.threads.TaskThread$WrappingRunnable.run(TaskThread.java:61)
	at java.lang.Thread.run(Thread.java:745)
Caused by: org.codehaus.groovy.grails.web.taglib.exceptions.GrailsTagException: Error executing tag <g:remoteLink>: Unable to create URL for mapping [/(*)/(*)?/(*)?(.(*))?] and parameters [{action=create}]. Parameter [controller] is required, but was not specified!
	at org.codehaus.groovy.grails.web.pages.GroovyPage.throwRootCause(GroovyPage.java:527)
	at org.codehaus.groovy.grails.web.pages.GroovyPage.invokeTag(GroovyPage.java:470)
	at sun.reflect.NativeMethodAccessorImpl.invoke0(Native Method)
	at sun.reflect.NativeMethodAccessorImpl.invoke(NativeMethodAccessorImpl.java:62)
	at sun.reflect.DelegatingMethodAccessorImpl.invoke(DelegatingMethodAccessorImpl.java:43)
	at java.lang.reflect.Method.invoke(Method.java:497)
	at org.springsource.loaded.ri.ReflectiveInterceptor.jlrMethodInvoke(ReflectiveInterceptor.java:1270)
	at org.codehaus.groovy.reflection.CachedMethod.invoke(CachedMethod.java:90)
	at groovy.lang.MetaMethod.doMethodInvoke(MetaMethod.java:324)
	at groovy.lang.MetaClassImpl.invokeMethod(MetaClassImpl.java:1206)
	at groovy.lang.ExpandoMetaClass.invokeMethod(ExpandoMetaClass.java:1120)
	at groovy.lang.MetaClassImpl.invokeMethod(MetaClassImpl.java:1015)
	at groovy.lang.MetaClassImpl.invokeMethod(MetaClassImpl.java:1110)
	at groovy.lang.ExpandoMetaClass.invokeMethod(ExpandoMetaClass.java:1120)
	at groovy.lang.MetaClassImpl.invokeMethod(MetaClassImpl.java:1015)
	at org.codehaus.groovy.runtime.callsite.PogoMetaClassSite.callCurrent(PogoMetaClassSite.java:66)
	at org.codehaus.groovy.runtime.callsite.CallSiteArray.defaultCallCurrent(CallSiteArray.java:49)
	at org.codehaus.groovy.runtime.callsite.AbstractCallSite.callCurrent(AbstractCallSite.java:133)
	at C__Users_Karina_Desktop_tasks_grails_app_views_task_index_gsp$_run_closure2.doCall(C__Users_Karina_Desktop_tasks_grails_app_views_task_index_gsp:106)
	at sun.reflect.NativeMethodAccessorImpl.invoke0(Native Method)
	at sun.reflect.NativeMethodAccessorImpl.invoke(NativeMethodAccessorImpl.java:62)
	at sun.reflect.DelegatingMethodAccessorImpl.invoke(DelegatingMethodAccessorImpl.java:43)
	at java.lang.reflect.Method.invoke(Method.java:497)
	at org.springsource.loaded.ri.ReflectiveInterceptor.jlrMethodInvoke(ReflectiveInterceptor.java:1270)
	at org.codehaus.groovy.reflection.CachedMethod.invoke(CachedMethod.java:90)
	at groovy.lang.MetaMethod.doMethodInvoke(MetaMethod.java:324)
	at groovy.lang.MetaClassImpl.invokeMethod(MetaClassImpl.java:1206)
	at groovy.lang.ExpandoMetaClass.invokeMethod(ExpandoMetaClass.java:1120)
	at groovy.lang.MetaClassImpl.invokeMethod(MetaClassImpl.java:1015)
	at groovy.lang.Closure.call(Closure.java:423)
	at groovy.lang.Closure.call(Closure.java:417)
	at org.codehaus.groovy.grails.web.taglib.GroovyPageTagBody.executeClosure(GroovyPageTagBody.java:206)
	at org.codehaus.groovy.grails.web.taglib.GroovyPageTagBody.captureClosureOutput(GroovyPageTagBody.java:108)
	at org.codehaus.groovy.grails.web.taglib.GroovyPageTagBody.call(GroovyPageTagBody.java:219)
	at org.codehaus.groovy.grails.plugins.web.taglib.SitemeshTagLib.captureTagContent(SitemeshTagLib.groovy:49)
	at org.codehaus.groovy.grails.plugins.web.taglib.SitemeshTagLib.captureTagContent(SitemeshTagLib.groovy)
	at org.codehaus.groovy.grails.plugins.web.taglib.SitemeshTagLib$_closure3.doCall(SitemeshTagLib.groovy:157)
	at sun.reflect.NativeMethodAccessorImpl.invoke0(Native Method)
	at sun.reflect.NativeMethodAccessorImpl.invoke(NativeMethodAccessorImpl.java:62)
	at sun.reflect.DelegatingMethodAccessorImpl.invoke(DelegatingMethodAccessorImpl.java:43)
	at java.lang.reflect.Method.invoke(Method.java:497)
	at org.springsource.loaded.ri.ReflectiveInterceptor.jlrMethodInvoke(ReflectiveInterceptor.java:1270)
	at org.codehaus.groovy.reflection.CachedMethod.invoke(CachedMethod.java:90)
	at groovy.lang.MetaMethod.doMethodInvoke(MetaMethod.java:324)
	at groovy.lang.MetaClassImpl.invokeMethod(MetaClassImpl.java:1206)
	at groovy.lang.ExpandoMetaClass.invokeMethod(ExpandoMetaClass.java:1120)
	at groovy.lang.MetaClassImpl.invokeMethod(MetaClassImpl.java:1015)
	at groovy.lang.Closure.call(Closure.java:423)
	at org.codehaus.groovy.grails.web.pages.GroovyPage.invokeTagLibClosure(GroovyPage.java:501)
	at org.codehaus.groovy.grails.web.pages.GroovyPage.invokeTag(GroovyPage.java:419)
	at org.codehaus.groovy.grails.web.pages.GroovyPage$invokeTag$4.callCurrent(Unknown Source)
	at org.codehaus.groovy.runtime.callsite.CallSiteArray.defaultCallCurrent(CallSiteArray.java:49)
	at org.codehaus.groovy.runtime.callsite.AbstractCallSite.callCurrent(AbstractCallSite.java:133)
	at C__Users_Karina_Desktop_tasks_grails_app_views_task_index_gsp.run(C__Users_Karina_Desktop_tasks_grails_app_views_task_index_gsp:116)
	at org.codehaus.groovy.grails.web.pages.GroovyPageWritable.doWriteTo(GroovyPageWritable.java:217)
	at org.codehaus.groovy.grails.web.pages.GroovyPageWritable.writeTo(GroovyPageWritable.java:128)
	at org.codehaus.groovy.grails.web.servlet.view.GroovyPageView.renderTemplate(GroovyPageView.java:71)
	... 41 more
Caused by: org.codehaus.groovy.grails.web.mapping.exceptions.UrlMappingException: Unable to create URL for mapping [/(*)/(*)?/(*)?(.(*))?] and parameters [{action=create}]. Parameter [controller] is required, but was not specified!
	at org.codehaus.groovy.grails.web.mapping.RegexUrlMapping.createURLInternal(RegexUrlMapping.java:349)
	at org.codehaus.groovy.grails.web.mapping.RegexUrlMapping.createURLInternal(RegexUrlMapping.java:449)
	at org.codehaus.groovy.grails.web.mapping.RegexUrlMapping.createRelativeURL(RegexUrlMapping.java:481)
	at org.codehaus.groovy.grails.web.mapping.UrlCreatorCache$CachingUrlCreator.createRelativeURL(UrlCreatorCache.java:108)
	at org.codehaus.groovy.grails.web.mapping.UrlCreatorCache$CachingUrlCreator.createRelativeURL(UrlCreatorCache.java:94)
	at org.codehaus.groovy.grails.web.mapping.DefaultLinkGenerator.link(DefaultLinkGenerator.groovy:246)
	at org.codehaus.groovy.grails.web.mapping.CachingLinkGenerator.link(CachingLinkGenerator.java:80)
	at asset.pipeline.grails.CachingLinkGenerator.link(CachingLinkGenerator.groovy)
	at org.codehaus.groovy.grails.web.mapping.LinkGenerator$link.call(Unknown Source)
	at org.codehaus.groovy.runtime.callsite.CallSiteArray.defaultCall(CallSiteArray.java:45)
	at org.codehaus.groovy.runtime.callsite.AbstractCallSite.call(AbstractCallSite.java:108)
	at org.codehaus.groovy.runtime.callsite.AbstractCallSite.call(AbstractCallSite.java:120)
	at org.codehaus.groovy.grails.plugins.web.taglib.ApplicationTagLib$_closure9.doCall(ApplicationTagLib.groovy:371)
	at sun.reflect.NativeMethodAccessorImpl.invoke0(Native Method)
	at sun.reflect.NativeMethodAccessorImpl.invoke(NativeMethodAccessorImpl.java:62)
	at sun.reflect.DelegatingMethodAccessorImpl.invoke(DelegatingMethodAccessorImpl.java:43)
	at java.lang.reflect.Method.invoke(Method.java:497)
	at org.springsource.loaded.ri.ReflectiveInterceptor.jlrMethodInvoke(ReflectiveInterceptor.java:1270)
	at org.codehaus.groovy.reflection.CachedMethod.invoke(CachedMethod.java:90)
	at groovy.lang.MetaMethod.doMethodInvoke(MetaMethod.java:324)
	at groovy.lang.MetaClassImpl.invokeMethod(MetaClassImpl.java:1206)
	at groovy.lang.ExpandoMetaClass.invokeMethod(ExpandoMetaClass.java:1120)
	at groovy.lang.MetaClassImpl.invokeMethod(MetaClassImpl.java:1015)
	at groovy.lang.Closure.call(Closure.java:423)
	at org.codehaus.groovy.grails.web.pages.GroovyPage.captureTagOutput(GroovyPage.java:572)
	at org.codehaus.groovy.grails.web.util.TagLibraryMetaUtils$_registerMethodMissingForTags_closure3.doCall(TagLibraryMetaUtils.groovy:55)
	at sun.reflect.NativeMethodAccessorImpl.invoke0(Native Method)
	at sun.reflect.NativeMethodAccessorImpl.invoke(NativeMethodAccessorImpl.java:62)
	at sun.reflect.DelegatingMethodAccessorImpl.invoke(DelegatingMethodAccessorImpl.java:43)
	at java.lang.reflect.Method.invoke(Method.java:497)
	at org.springsource.loaded.ri.ReflectiveInterceptor.jlrMethodInvoke(ReflectiveInterceptor.java:1270)
	at org.codehaus.groovy.reflection.CachedMethod.invoke(CachedMethod.java:90)
	at org.codehaus.groovy.runtime.metaclass.ClosureMetaMethod.invoke(ClosureMetaMethod.java:80)
	at groovy.lang.MetaMethod.doMethodInvoke(MetaMethod.java:324)
	at groovy.lang.MetaClassImpl.invokeMethod(MetaClassImpl.java:1206)
	at groovy.lang.ExpandoMetaClass.invokeMethod(ExpandoMetaClass.java:1120)
	at groovy.lang.MetaClassImpl.invokeMethod(MetaClassImpl.java:1015)
	at groovy.lang.MetaClassImpl.invokeMethod(MetaClassImpl.java:1151)
	at groovy.lang.ExpandoMetaClass.invokeMethod(ExpandoMetaClass.java:1120)
	at groovy.lang.MetaClassImpl.invokeMethod(MetaClassImpl.java:1015)
	at org.codehaus.groovy.runtime.callsite.PogoMetaClassSite.callCurrent(PogoMetaClassSite.java:66)
	at org.codehaus.groovy.runtime.callsite.CallSiteArray.defaultCallCurrent(CallSiteArray.java:49)
	at org.codehaus.groovy.runtime.callsite.AbstractCallSite.callCurrent(AbstractCallSite.java:133)
	at org.codehaus.groovy.runtime.callsite.AbstractCallSite.callCurrent(AbstractCallSite.java:141)
	at org.codehaus.groovy.grails.plugins.web.taglib.JavascriptTagLib$_closure3.doCall(JavascriptTagLib.groovy:260)
	at sun.reflect.NativeMethodAccessorImpl.invoke0(Native Method)
	at sun.reflect.NativeMethodAccessorImpl.invoke(NativeMethodAccessorImpl.java:62)
	at sun.reflect.DelegatingMethodAccessorImpl.invoke(DelegatingMethodAccessorImpl.java:43)
	at java.lang.reflect.Method.invoke(Method.java:497)
	at org.springsource.loaded.ri.ReflectiveInterceptor.jlrMethodInvoke(ReflectiveInterceptor.java:1270)
	at org.codehaus.groovy.reflection.CachedMethod.invoke(CachedMethod.java:90)
	at groovy.lang.MetaMethod.doMethodInvoke(MetaMethod.java:324)
	at groovy.lang.MetaClassImpl.invokeMethod(MetaClassImpl.java:1206)
	at groovy.lang.ExpandoMetaClass.invokeMethod(ExpandoMetaClass.java:1120)
	at groovy.lang.MetaClassImpl.invokeMethod(MetaClassImpl.java:1015)
	at groovy.lang.Closure.call(Closure.java:423)
	at org.codehaus.groovy.grails.web.pages.GroovyPage.invokeTagLibClosure(GroovyPage.java:501)
	at org.codehaus.groovy.grails.web.pages.GroovyPage.invokeTag(GroovyPage.java:419)
	... 96 more
2015-08-09 00:46:18,857 [http-bio-8080-exec-4] ERROR StackTrace  - Full Stack Trace:
org.codehaus.groovy.grails.web.taglib.exceptions.GrailsTagException: Error executing tag <g:remoteLink>: Unable to create URL for mapping [/(*)/(*)?/(*)?(.(*))?] and parameters [{action=create}]. Parameter [controller] is required, but was not specified!
	at org.codehaus.groovy.grails.web.pages.GroovyPage.throwRootCause(GroovyPage.java:527)
	at org.codehaus.groovy.grails.web.pages.GroovyPage.invokeTag(GroovyPage.java:470)
	at sun.reflect.NativeMethodAccessorImpl.invoke0(Native Method)
	at sun.reflect.NativeMethodAccessorImpl.invoke(NativeMethodAccessorImpl.java:62)
	at sun.reflect.DelegatingMethodAccessorImpl.invoke(DelegatingMethodAccessorImpl.java:43)
	at java.lang.reflect.Method.invoke(Method.java:497)
	at org.springsource.loaded.ri.ReflectiveInterceptor.jlrMethodInvoke(ReflectiveInterceptor.java:1270)
	at org.codehaus.groovy.reflection.CachedMethod.invoke(CachedMethod.java:90)
	at groovy.lang.MetaMethod.doMethodInvoke(MetaMethod.java:324)
	at groovy.lang.MetaClassImpl.invokeMethod(MetaClassImpl.java:1206)
	at groovy.lang.ExpandoMetaClass.invokeMethod(ExpandoMetaClass.java:1120)
	at groovy.lang.MetaClassImpl.invokeMethod(MetaClassImpl.java:1015)
	at groovy.lang.MetaClassImpl.invokeMethod(MetaClassImpl.java:1110)
	at groovy.lang.ExpandoMetaClass.invokeMethod(ExpandoMetaClass.java:1120)
	at groovy.lang.MetaClassImpl.invokeMethod(MetaClassImpl.java:1015)
	at org.codehaus.groovy.runtime.callsite.PogoMetaClassSite.callCurrent(PogoMetaClassSite.java:66)
	at org.codehaus.groovy.runtime.callsite.CallSiteArray.defaultCallCurrent(CallSiteArray.java:49)
	at org.codehaus.groovy.runtime.callsite.AbstractCallSite.callCurrent(AbstractCallSite.java:133)
	at C__Users_Karina_Desktop_tasks_grails_app_views_task_index_gsp$_run_closure2.doCall(C__Users_Karina_Desktop_tasks_grails_app_views_task_index_gsp:106)
	at sun.reflect.NativeMethodAccessorImpl.invoke0(Native Method)
	at sun.reflect.NativeMethodAccessorImpl.invoke(NativeMethodAccessorImpl.java:62)
	at sun.reflect.DelegatingMethodAccessorImpl.invoke(DelegatingMethodAccessorImpl.java:43)
	at java.lang.reflect.Method.invoke(Method.java:497)
	at org.springsource.loaded.ri.ReflectiveInterceptor.jlrMethodInvoke(ReflectiveInterceptor.java:1270)
	at org.codehaus.groovy.reflection.CachedMethod.invoke(CachedMethod.java:90)
	at groovy.lang.MetaMethod.doMethodInvoke(MetaMethod.java:324)
	at groovy.lang.MetaClassImpl.invokeMethod(MetaClassImpl.java:1206)
	at groovy.lang.ExpandoMetaClass.invokeMethod(ExpandoMetaClass.java:1120)
	at groovy.lang.MetaClassImpl.invokeMethod(MetaClassImpl.java:1015)
	at groovy.lang.Closure.call(Closure.java:423)
	at groovy.lang.Closure.call(Closure.java:417)
	at org.codehaus.groovy.grails.web.taglib.GroovyPageTagBody.executeClosure(GroovyPageTagBody.java:206)
	at org.codehaus.groovy.grails.web.taglib.GroovyPageTagBody.captureClosureOutput(GroovyPageTagBody.java:108)
	at org.codehaus.groovy.grails.web.taglib.GroovyPageTagBody.call(GroovyPageTagBody.java:219)
	at org.codehaus.groovy.grails.plugins.web.taglib.SitemeshTagLib.captureTagContent(SitemeshTagLib.groovy:49)
	at org.codehaus.groovy.grails.plugins.web.taglib.SitemeshTagLib.captureTagContent(SitemeshTagLib.groovy)
	at org.codehaus.groovy.grails.plugins.web.taglib.SitemeshTagLib$_closure3.doCall(SitemeshTagLib.groovy:157)
	at sun.reflect.NativeMethodAccessorImpl.invoke0(Native Method)
	at sun.reflect.NativeMethodAccessorImpl.invoke(NativeMethodAccessorImpl.java:62)
	at sun.reflect.DelegatingMethodAccessorImpl.invoke(DelegatingMethodAccessorImpl.java:43)
	at java.lang.reflect.Method.invoke(Method.java:497)
	at org.springsource.loaded.ri.ReflectiveInterceptor.jlrMethodInvoke(ReflectiveInterceptor.java:1270)
	at org.codehaus.groovy.reflection.CachedMethod.invoke(CachedMethod.java:90)
	at groovy.lang.MetaMethod.doMethodInvoke(MetaMethod.java:324)
	at groovy.lang.MetaClassImpl.invokeMethod(MetaClassImpl.java:1206)
	at groovy.lang.ExpandoMetaClass.invokeMethod(ExpandoMetaClass.java:1120)
	at groovy.lang.MetaClassImpl.invokeMethod(MetaClassImpl.java:1015)
	at groovy.lang.Closure.call(Closure.java:423)
	at org.codehaus.groovy.grails.web.pages.GroovyPage.invokeTagLibClosure(GroovyPage.java:501)
	at org.codehaus.groovy.grails.web.pages.GroovyPage.invokeTag(GroovyPage.java:419)
	at org.codehaus.groovy.grails.web.pages.GroovyPage$invokeTag$4.callCurrent(Unknown Source)
	at org.codehaus.groovy.runtime.callsite.CallSiteArray.defaultCallCurrent(CallSiteArray.java:49)
	at org.codehaus.groovy.runtime.callsite.AbstractCallSite.callCurrent(AbstractCallSite.java:133)
	at C__Users_Karina_Desktop_tasks_grails_app_views_task_index_gsp.run(C__Users_Karina_Desktop_tasks_grails_app_views_task_index_gsp:116)
	at org.codehaus.groovy.grails.web.pages.GroovyPageWritable.doWriteTo(GroovyPageWritable.java:217)
	at org.codehaus.groovy.grails.web.pages.GroovyPageWritable.writeTo(GroovyPageWritable.java:128)
	at org.codehaus.groovy.grails.web.servlet.view.GroovyPageView.renderTemplate(GroovyPageView.java:71)
	at org.codehaus.groovy.grails.web.servlet.view.AbstractGrailsView.renderWithinGrailsWebRequest(AbstractGrailsView.java:49)
	at org.codehaus.groovy.grails.web.servlet.view.AbstractGrailsView.renderMergedOutputModel(AbstractGrailsView.java:33)
	at org.springframework.web.servlet.view.AbstractView.render(AbstractView.java:267)
	at org.codehaus.groovy.grails.web.sitemesh.GrailsLayoutView.renderInnerView(GrailsLayoutView.java:116)
	at org.codehaus.groovy.grails.web.sitemesh.GrailsLayoutView.obtainContent(GrailsLayoutView.java:97)
	at org.codehaus.groovy.grails.web.sitemesh.GrailsLayoutView.renderTemplate(GrailsLayoutView.java:55)
	at org.codehaus.groovy.grails.web.servlet.view.AbstractGrailsView.renderWithinGrailsWebRequest(AbstractGrailsView.java:49)
	at org.codehaus.groovy.grails.web.servlet.view.AbstractGrailsView.renderMergedOutputModel(AbstractGrailsView.java:33)
	at org.springframework.web.servlet.view.AbstractView.render(AbstractView.java:267)
	at org.codehaus.groovy.grails.web.mapping.filter.UrlMappingsFilter.renderViewForUrlMappingInfo(UrlMappingsFilter.java:401)
	at org.codehaus.groovy.grails.web.mapping.filter.UrlMappingsFilter.doFilterInternal(UrlMappingsFilter.java:222)
	at org.springframework.web.filter.OncePerRequestFilter.doFilter(OncePerRequestFilter.java:107)
	at org.apache.catalina.core.ApplicationFilterChain.internalDoFilter(ApplicationFilterChain.java:241)
	at org.apache.catalina.core.ApplicationFilterChain.doFilter(ApplicationFilterChain.java:208)
	at org.codehaus.groovy.grails.web.servlet.mvc.GrailsWebRequestFilter.doFilterInternal(GrailsWebRequestFilter.java:69)
	at org.springframework.web.filter.OncePerRequestFilter.doFilter(OncePerRequestFilter.java:107)
	at org.apache.catalina.core.ApplicationFilterChain.internalDoFilter(ApplicationFilterChain.java:241)
	at org.apache.catalina.core.ApplicationFilterChain.doFilter(ApplicationFilterChain.java:208)
	at org.codehaus.groovy.grails.web.filters.HiddenHttpMethodFilter.doFilterInternal(HiddenHttpMethodFilter.java:67)
	at org.springframework.web.filter.OncePerRequestFilter.doFilter(OncePerRequestFilter.java:107)
	at org.apache.catalina.core.ApplicationFilterChain.internalDoFilter(ApplicationFilterChain.java:241)
	at org.apache.catalina.core.ApplicationFilterChain.doFilter(ApplicationFilterChain.java:208)
	at org.springframework.web.filter.CharacterEncodingFilter.doFilterInternal(CharacterEncodingFilter.java:88)
	at org.springframework.web.filter.OncePerRequestFilter.doFilter(OncePerRequestFilter.java:107)
	at org.springframework.web.filter.DelegatingFilterProxy.invokeDelegate(DelegatingFilterProxy.java:344)
	at org.springframework.web.filter.DelegatingFilterProxy.doFilter(DelegatingFilterProxy.java:261)
	at org.apache.catalina.core.ApplicationFilterChain.internalDoFilter(ApplicationFilterChain.java:241)
	at org.apache.catalina.core.ApplicationFilterChain.doFilter(ApplicationFilterChain.java:208)
	at org.apache.catalina.core.StandardWrapperValve.invoke(StandardWrapperValve.java:220)
	at org.apache.catalina.core.StandardContextValve.invoke(StandardContextValve.java:122)
	at org.apache.catalina.core.StandardHostValve.invoke(StandardHostValve.java:171)
	at org.apache.catalina.valves.ErrorReportValve.invoke(ErrorReportValve.java:103)
	at org.apache.catalina.core.StandardEngineValve.invoke(StandardEngineValve.java:116)
	at org.apache.catalina.connector.CoyoteAdapter.service(CoyoteAdapter.java:408)
	at org.apache.coyote.http11.AbstractHttp11Processor.process(AbstractHttp11Processor.java:1070)
	at org.apache.coyote.AbstractProtocol$AbstractConnectionHandler.process(AbstractProtocol.java:611)
	at org.apache.tomcat.util.net.JIoEndpoint$SocketProcessor.run(JIoEndpoint.java:314)
	at java.util.concurrent.ThreadPoolExecutor.runWorker(ThreadPoolExecutor.java:1142)
	at java.util.concurrent.ThreadPoolExecutor$Worker.run(ThreadPoolExecutor.java:617)
	at org.apache.tomcat.util.threads.TaskThread$WrappingRunnable.run(TaskThread.java:61)
	at java.lang.Thread.run(Thread.java:745)
Caused by: org.codehaus.groovy.grails.web.mapping.exceptions.UrlMappingException: Unable to create URL for mapping [/(*)/(*)?/(*)?(.(*))?] and parameters [{action=create}]. Parameter [controller] is required, but was not specified!
	at org.codehaus.groovy.grails.web.mapping.RegexUrlMapping.createURLInternal(RegexUrlMapping.java:349)
	at org.codehaus.groovy.grails.web.mapping.RegexUrlMapping.createURLInternal(RegexUrlMapping.java:449)
	at org.codehaus.groovy.grails.web.mapping.RegexUrlMapping.createRelativeURL(RegexUrlMapping.java:481)
	at org.codehaus.groovy.grails.web.mapping.UrlCreatorCache$CachingUrlCreator.createRelativeURL(UrlCreatorCache.java:108)
	at org.codehaus.groovy.grails.web.mapping.UrlCreatorCache$CachingUrlCreator.createRelativeURL(UrlCreatorCache.java:94)
	at org.codehaus.groovy.grails.web.mapping.DefaultLinkGenerator.link(DefaultLinkGenerator.groovy:246)
	at org.codehaus.groovy.grails.web.mapping.CachingLinkGenerator.link(CachingLinkGenerator.java:80)
	at asset.pipeline.grails.CachingLinkGenerator.link(CachingLinkGenerator.groovy)
	at org.codehaus.groovy.grails.web.mapping.LinkGenerator$link.call(Unknown Source)
	at org.codehaus.groovy.runtime.callsite.CallSiteArray.defaultCall(CallSiteArray.java:45)
	at org.codehaus.groovy.runtime.callsite.AbstractCallSite.call(AbstractCallSite.java:108)
	at org.codehaus.groovy.runtime.callsite.AbstractCallSite.call(AbstractCallSite.java:120)
	at org.codehaus.groovy.grails.plugins.web.taglib.ApplicationTagLib$_closure9.doCall(ApplicationTagLib.groovy:371)
	at sun.reflect.NativeMethodAccessorImpl.invoke0(Native Method)
	at sun.reflect.NativeMethodAccessorImpl.invoke(NativeMethodAccessorImpl.java:62)
	at sun.reflect.DelegatingMethodAccessorImpl.invoke(DelegatingMethodAccessorImpl.java:43)
	at java.lang.reflect.Method.invoke(Method.java:497)
	at org.springsource.loaded.ri.ReflectiveInterceptor.jlrMethodInvoke(ReflectiveInterceptor.java:1270)
	at org.codehaus.groovy.reflection.CachedMethod.invoke(CachedMethod.java:90)
	at groovy.lang.MetaMethod.doMethodInvoke(MetaMethod.java:324)
	at groovy.lang.MetaClassImpl.invokeMethod(MetaClassImpl.java:1206)
	at groovy.lang.ExpandoMetaClass.invokeMethod(ExpandoMetaClass.java:1120)
	at groovy.lang.MetaClassImpl.invokeMethod(MetaClassImpl.java:1015)
	at groovy.lang.Closure.call(Closure.java:423)
	at org.codehaus.groovy.grails.web.pages.GroovyPage.captureTagOutput(GroovyPage.java:572)
	at org.codehaus.groovy.grails.web.util.TagLibraryMetaUtils$_registerMethodMissingForTags_closure3.doCall(TagLibraryMetaUtils.groovy:55)
	at sun.reflect.NativeMethodAccessorImpl.invoke0(Native Method)
	at sun.reflect.NativeMethodAccessorImpl.invoke(NativeMethodAccessorImpl.java:62)
	at sun.reflect.DelegatingMethodAccessorImpl.invoke(DelegatingMethodAccessorImpl.java:43)
	at java.lang.reflect.Method.invoke(Method.java:497)
	at org.springsource.loaded.ri.ReflectiveInterceptor.jlrMethodInvoke(ReflectiveInterceptor.java:1270)
	at org.codehaus.groovy.reflection.CachedMethod.invoke(CachedMethod.java:90)
	at org.codehaus.groovy.runtime.metaclass.ClosureMetaMethod.invoke(ClosureMetaMethod.java:80)
	at groovy.lang.MetaMethod.doMethodInvoke(MetaMethod.java:324)
	at groovy.lang.MetaClassImpl.invokeMethod(MetaClassImpl.java:1206)
	at groovy.lang.ExpandoMetaClass.invokeMethod(ExpandoMetaClass.java:1120)
	at groovy.lang.MetaClassImpl.invokeMethod(MetaClassImpl.java:1015)
	at groovy.lang.MetaClassImpl.invokeMethod(MetaClassImpl.java:1151)
	at groovy.lang.ExpandoMetaClass.invokeMethod(ExpandoMetaClass.java:1120)
	at groovy.lang.MetaClassImpl.invokeMethod(MetaClassImpl.java:1015)
	at org.codehaus.groovy.runtime.callsite.PogoMetaClassSite.callCurrent(PogoMetaClassSite.java:66)
	at org.codehaus.groovy.runtime.callsite.CallSiteArray.defaultCallCurrent(CallSiteArray.java:49)
	at org.codehaus.groovy.runtime.callsite.AbstractCallSite.callCurrent(AbstractCallSite.java:133)
	at org.codehaus.groovy.runtime.callsite.AbstractCallSite.callCurrent(AbstractCallSite.java:141)
	at org.codehaus.groovy.grails.plugins.web.taglib.JavascriptTagLib$_closure3.doCall(JavascriptTagLib.groovy:260)
	at sun.reflect.NativeMethodAccessorImpl.invoke0(Native Method)
	at sun.reflect.NativeMethodAccessorImpl.invoke(NativeMethodAccessorImpl.java:62)
	at sun.reflect.DelegatingMethodAccessorImpl.invoke(DelegatingMethodAccessorImpl.java:43)
	at java.lang.reflect.Method.invoke(Method.java:497)
	at org.springsource.loaded.ri.ReflectiveInterceptor.jlrMethodInvoke(ReflectiveInterceptor.java:1270)
	at org.codehaus.groovy.reflection.CachedMethod.invoke(CachedMethod.java:90)
	at groovy.lang.MetaMethod.doMethodInvoke(MetaMethod.java:324)
	at groovy.lang.MetaClassImpl.invokeMethod(MetaClassImpl.java:1206)
	at groovy.lang.ExpandoMetaClass.invokeMethod(ExpandoMetaClass.java:1120)
	at groovy.lang.MetaClassImpl.invokeMethod(MetaClassImpl.java:1015)
	at groovy.lang.Closure.call(Closure.java:423)
	at org.codehaus.groovy.grails.web.pages.GroovyPage.invokeTagLibClosure(GroovyPage.java:501)
	at org.codehaus.groovy.grails.web.pages.GroovyPage.invokeTag(GroovyPage.java:419)
	... 96 more
2015-08-09 00:46:18,859 [http-bio-8080-exec-4] ERROR StackTrace  - Full Stack Trace:
org.codehaus.groovy.grails.web.mapping.exceptions.UrlMappingException: Unable to create URL for mapping [/(*)/(*)?/(*)?(.(*))?] and parameters [{action=create}]. Parameter [controller] is required, but was not specified!
	at org.codehaus.groovy.grails.web.mapping.RegexUrlMapping.createURLInternal(RegexUrlMapping.java:349)
	at org.codehaus.groovy.grails.web.mapping.RegexUrlMapping.createURLInternal(RegexUrlMapping.java:449)
	at org.codehaus.groovy.grails.web.mapping.RegexUrlMapping.createRelativeURL(RegexUrlMapping.java:481)
	at org.codehaus.groovy.grails.web.mapping.UrlCreatorCache$CachingUrlCreator.createRelativeURL(UrlCreatorCache.java:108)
	at org.codehaus.groovy.grails.web.mapping.UrlCreatorCache$CachingUrlCreator.createRelativeURL(UrlCreatorCache.java:94)
	at org.codehaus.groovy.grails.web.mapping.DefaultLinkGenerator.link(DefaultLinkGenerator.groovy:246)
	at org.codehaus.groovy.grails.web.mapping.CachingLinkGenerator.link(CachingLinkGenerator.java:80)
	at asset.pipeline.grails.CachingLinkGenerator.link(CachingLinkGenerator.groovy)
	at org.codehaus.groovy.grails.web.mapping.LinkGenerator$link.call(Unknown Source)
	at org.codehaus.groovy.runtime.callsite.CallSiteArray.defaultCall(CallSiteArray.java:45)
	at org.codehaus.groovy.runtime.callsite.AbstractCallSite.call(AbstractCallSite.java:108)
	at org.codehaus.groovy.runtime.callsite.AbstractCallSite.call(AbstractCallSite.java:120)
	at org.codehaus.groovy.grails.plugins.web.taglib.ApplicationTagLib$_closure9.doCall(ApplicationTagLib.groovy:371)
	at sun.reflect.NativeMethodAccessorImpl.invoke0(Native Method)
	at sun.reflect.NativeMethodAccessorImpl.invoke(NativeMethodAccessorImpl.java:62)
	at sun.reflect.DelegatingMethodAccessorImpl.invoke(DelegatingMethodAccessorImpl.java:43)
	at java.lang.reflect.Method.invoke(Method.java:497)
	at org.springsource.loaded.ri.ReflectiveInterceptor.jlrMethodInvoke(ReflectiveInterceptor.java:1270)
	at org.codehaus.groovy.reflection.CachedMethod.invoke(CachedMethod.java:90)
	at groovy.lang.MetaMethod.doMethodInvoke(MetaMethod.java:324)
	at groovy.lang.MetaClassImpl.invokeMethod(MetaClassImpl.java:1206)
	at groovy.lang.ExpandoMetaClass.invokeMethod(ExpandoMetaClass.java:1120)
	at groovy.lang.MetaClassImpl.invokeMethod(MetaClassImpl.java:1015)
	at groovy.lang.Closure.call(Closure.java:423)
	at org.codehaus.groovy.grails.web.pages.GroovyPage.captureTagOutput(GroovyPage.java:572)
	at org.codehaus.groovy.grails.web.util.TagLibraryMetaUtils$_registerMethodMissingForTags_closure3.doCall(TagLibraryMetaUtils.groovy:55)
	at sun.reflect.NativeMethodAccessorImpl.invoke0(Native Method)
	at sun.reflect.NativeMethodAccessorImpl.invoke(NativeMethodAccessorImpl.java:62)
	at sun.reflect.DelegatingMethodAccessorImpl.invoke(DelegatingMethodAccessorImpl.java:43)
	at java.lang.reflect.Method.invoke(Method.java:497)
	at org.springsource.loaded.ri.ReflectiveInterceptor.jlrMethodInvoke(ReflectiveInterceptor.java:1270)
	at org.codehaus.groovy.reflection.CachedMethod.invoke(CachedMethod.java:90)
	at org.codehaus.groovy.runtime.metaclass.ClosureMetaMethod.invoke(ClosureMetaMethod.java:80)
	at groovy.lang.MetaMethod.doMethodInvoke(MetaMethod.java:324)
	at groovy.lang.MetaClassImpl.invokeMethod(MetaClassImpl.java:1206)
	at groovy.lang.ExpandoMetaClass.invokeMethod(ExpandoMetaClass.java:1120)
	at groovy.lang.MetaClassImpl.invokeMethod(MetaClassImpl.java:1015)
	at groovy.lang.MetaClassImpl.invokeMethod(MetaClassImpl.java:1151)
	at groovy.lang.ExpandoMetaClass.invokeMethod(ExpandoMetaClass.java:1120)
	at groovy.lang.MetaClassImpl.invokeMethod(MetaClassImpl.java:1015)
	at org.codehaus.groovy.runtime.callsite.PogoMetaClassSite.callCurrent(PogoMetaClassSite.java:66)
	at org.codehaus.groovy.runtime.callsite.CallSiteArray.defaultCallCurrent(CallSiteArray.java:49)
	at org.codehaus.groovy.runtime.callsite.AbstractCallSite.callCurrent(AbstractCallSite.java:133)
	at org.codehaus.groovy.runtime.callsite.AbstractCallSite.callCurrent(AbstractCallSite.java:141)
	at org.codehaus.groovy.grails.plugins.web.taglib.JavascriptTagLib$_closure3.doCall(JavascriptTagLib.groovy:260)
	at sun.reflect.NativeMethodAccessorImpl.invoke0(Native Method)
	at sun.reflect.NativeMethodAccessorImpl.invoke(NativeMethodAccessorImpl.java:62)
	at sun.reflect.DelegatingMethodAccessorImpl.invoke(DelegatingMethodAccessorImpl.java:43)
	at java.lang.reflect.Method.invoke(Method.java:497)
	at org.springsource.loaded.ri.ReflectiveInterceptor.jlrMethodInvoke(ReflectiveInterceptor.java:1270)
	at org.codehaus.groovy.reflection.CachedMethod.invoke(CachedMethod.java:90)
	at groovy.lang.MetaMethod.doMethodInvoke(MetaMethod.java:324)
	at groovy.lang.MetaClassImpl.invokeMethod(MetaClassImpl.java:1206)
	at groovy.lang.ExpandoMetaClass.invokeMethod(ExpandoMetaClass.java:1120)
	at groovy.lang.MetaClassImpl.invokeMethod(MetaClassImpl.java:1015)
	at groovy.lang.Closure.call(Closure.java:423)
	at org.codehaus.groovy.grails.web.pages.GroovyPage.invokeTagLibClosure(GroovyPage.java:501)
	at org.codehaus.groovy.grails.web.pages.GroovyPage.invokeTag(GroovyPage.java:419)
	at sun.reflect.NativeMethodAccessorImpl.invoke0(Native Method)
	at sun.reflect.NativeMethodAccessorImpl.invoke(NativeMethodAccessorImpl.java:62)
	at sun.reflect.DelegatingMethodAccessorImpl.invoke(DelegatingMethodAccessorImpl.java:43)
	at java.lang.reflect.Method.invoke(Method.java:497)
	at org.springsource.loaded.ri.ReflectiveInterceptor.jlrMethodInvoke(ReflectiveInterceptor.java:1270)
	at org.codehaus.groovy.reflection.CachedMethod.invoke(CachedMethod.java:90)
	at groovy.lang.MetaMethod.doMethodInvoke(MetaMethod.java:324)
	at groovy.lang.MetaClassImpl.invokeMethod(MetaClassImpl.java:1206)
	at groovy.lang.ExpandoMetaClass.invokeMethod(ExpandoMetaClass.java:1120)
	at groovy.lang.MetaClassImpl.invokeMethod(MetaClassImpl.java:1015)
	at groovy.lang.MetaClassImpl.invokeMethod(MetaClassImpl.java:1110)
	at groovy.lang.ExpandoMetaClass.invokeMethod(ExpandoMetaClass.java:1120)
	at groovy.lang.MetaClassImpl.invokeMethod(MetaClassImpl.java:1015)
	at org.codehaus.groovy.runtime.callsite.PogoMetaClassSite.callCurrent(PogoMetaClassSite.java:66)
	at org.codehaus.groovy.runtime.callsite.CallSiteArray.defaultCallCurrent(CallSiteArray.java:49)
	at org.codehaus.groovy.runtime.callsite.AbstractCallSite.callCurrent(AbstractCallSite.java:133)
	at C__Users_Karina_Desktop_tasks_grails_app_views_task_index_gsp$_run_closure2.doCall(C__Users_Karina_Desktop_tasks_grails_app_views_task_index_gsp:106)
	at sun.reflect.NativeMethodAccessorImpl.invoke0(Native Method)
	at sun.reflect.NativeMethodAccessorImpl.invoke(NativeMethodAccessorImpl.java:62)
	at sun.reflect.DelegatingMethodAccessorImpl.invoke(DelegatingMethodAccessorImpl.java:43)
	at java.lang.reflect.Method.invoke(Method.java:497)
	at org.springsource.loaded.ri.ReflectiveInterceptor.jlrMethodInvoke(ReflectiveInterceptor.java:1270)
	at org.codehaus.groovy.reflection.CachedMethod.invoke(CachedMethod.java:90)
	at groovy.lang.MetaMethod.doMethodInvoke(MetaMethod.java:324)
	at groovy.lang.MetaClassImpl.invokeMethod(MetaClassImpl.java:1206)
	at groovy.lang.ExpandoMetaClass.invokeMethod(ExpandoMetaClass.java:1120)
	at groovy.lang.MetaClassImpl.invokeMethod(MetaClassImpl.java:1015)
	at groovy.lang.Closure.call(Closure.java:423)
	at groovy.lang.Closure.call(Closure.java:417)
	at org.codehaus.groovy.grails.web.taglib.GroovyPageTagBody.executeClosure(GroovyPageTagBody.java:206)
	at org.codehaus.groovy.grails.web.taglib.GroovyPageTagBody.captureClosureOutput(GroovyPageTagBody.java:108)
	at org.codehaus.groovy.grails.web.taglib.GroovyPageTagBody.call(GroovyPageTagBody.java:219)
	at org.codehaus.groovy.grails.plugins.web.taglib.SitemeshTagLib.captureTagContent(SitemeshTagLib.groovy:49)
	at org.codehaus.groovy.grails.plugins.web.taglib.SitemeshTagLib.captureTagContent(SitemeshTagLib.groovy)
	at org.codehaus.groovy.grails.plugins.web.taglib.SitemeshTagLib$_closure3.doCall(SitemeshTagLib.groovy:157)
	at sun.reflect.NativeMethodAccessorImpl.invoke0(Native Method)
	at sun.reflect.NativeMethodAccessorImpl.invoke(NativeMethodAccessorImpl.java:62)
	at sun.reflect.DelegatingMethodAccessorImpl.invoke(DelegatingMethodAccessorImpl.java:43)
	at java.lang.reflect.Method.invoke(Method.java:497)
	at org.springsource.loaded.ri.ReflectiveInterceptor.jlrMethodInvoke(ReflectiveInterceptor.java:1270)
	at org.codehaus.groovy.reflection.CachedMethod.invoke(CachedMethod.java:90)
	at groovy.lang.MetaMethod.doMethodInvoke(MetaMethod.java:324)
	at groovy.lang.MetaClassImpl.invokeMethod(MetaClassImpl.java:1206)
	at groovy.lang.ExpandoMetaClass.invokeMethod(ExpandoMetaClass.java:1120)
	at groovy.lang.MetaClassImpl.invokeMethod(MetaClassImpl.java:1015)
	at groovy.lang.Closure.call(Closure.java:423)
	at org.codehaus.groovy.grails.web.pages.GroovyPage.invokeTagLibClosure(GroovyPage.java:501)
	at org.codehaus.groovy.grails.web.pages.GroovyPage.invokeTag(GroovyPage.java:419)
	at org.codehaus.groovy.grails.web.pages.GroovyPage$invokeTag$4.callCurrent(Unknown Source)
	at org.codehaus.groovy.runtime.callsite.CallSiteArray.defaultCallCurrent(CallSiteArray.java:49)
	at org.codehaus.groovy.runtime.callsite.AbstractCallSite.callCurrent(AbstractCallSite.java:133)
	at C__Users_Karina_Desktop_tasks_grails_app_views_task_index_gsp.run(C__Users_Karina_Desktop_tasks_grails_app_views_task_index_gsp:116)
	at org.codehaus.groovy.grails.web.pages.GroovyPageWritable.doWriteTo(GroovyPageWritable.java:217)
	at org.codehaus.groovy.grails.web.pages.GroovyPageWritable.writeTo(GroovyPageWritable.java:128)
	at org.codehaus.groovy.grails.web.servlet.view.GroovyPageView.renderTemplate(GroovyPageView.java:71)
	at org.codehaus.groovy.grails.web.servlet.view.AbstractGrailsView.renderWithinGrailsWebRequest(AbstractGrailsView.java:49)
	at org.codehaus.groovy.grails.web.servlet.view.AbstractGrailsView.renderMergedOutputModel(AbstractGrailsView.java:33)
	at org.springframework.web.servlet.view.AbstractView.render(AbstractView.java:267)
	at org.codehaus.groovy.grails.web.sitemesh.GrailsLayoutView.renderInnerView(GrailsLayoutView.java:116)
	at org.codehaus.groovy.grails.web.sitemesh.GrailsLayoutView.obtainContent(GrailsLayoutView.java:97)
	at org.codehaus.groovy.grails.web.sitemesh.GrailsLayoutView.renderTemplate(GrailsLayoutView.java:55)
	at org.codehaus.groovy.grails.web.servlet.view.AbstractGrailsView.renderWithinGrailsWebRequest(AbstractGrailsView.java:49)
	at org.codehaus.groovy.grails.web.servlet.view.AbstractGrailsView.renderMergedOutputModel(AbstractGrailsView.java:33)
	at org.springframework.web.servlet.view.AbstractView.render(AbstractView.java:267)
	at org.codehaus.groovy.grails.web.mapping.filter.UrlMappingsFilter.renderViewForUrlMappingInfo(UrlMappingsFilter.java:401)
	at org.codehaus.groovy.grails.web.mapping.filter.UrlMappingsFilter.doFilterInternal(UrlMappingsFilter.java:222)
	at org.springframework.web.filter.OncePerRequestFilter.doFilter(OncePerRequestFilter.java:107)
	at org.apache.catalina.core.ApplicationFilterChain.internalDoFilter(ApplicationFilterChain.java:241)
	at org.apache.catalina.core.ApplicationFilterChain.doFilter(ApplicationFilterChain.java:208)
	at org.codehaus.groovy.grails.web.servlet.mvc.GrailsWebRequestFilter.doFilterInternal(GrailsWebRequestFilter.java:69)
	at org.springframework.web.filter.OncePerRequestFilter.doFilter(OncePerRequestFilter.java:107)
	at org.apache.catalina.core.ApplicationFilterChain.internalDoFilter(ApplicationFilterChain.java:241)
	at org.apache.catalina.core.ApplicationFilterChain.doFilter(ApplicationFilterChain.java:208)
	at org.codehaus.groovy.grails.web.filters.HiddenHttpMethodFilter.doFilterInternal(HiddenHttpMethodFilter.java:67)
	at org.springframework.web.filter.OncePerRequestFilter.doFilter(OncePerRequestFilter.java:107)
	at org.apache.catalina.core.ApplicationFilterChain.internalDoFilter(ApplicationFilterChain.java:241)
	at org.apache.catalina.core.ApplicationFilterChain.doFilter(ApplicationFilterChain.java:208)
	at org.springframework.web.filter.CharacterEncodingFilter.doFilterInternal(CharacterEncodingFilter.java:88)
	at org.springframework.web.filter.OncePerRequestFilter.doFilter(OncePerRequestFilter.java:107)
	at org.springframework.web.filter.DelegatingFilterProxy.invokeDelegate(DelegatingFilterProxy.java:344)
	at org.springframework.web.filter.DelegatingFilterProxy.doFilter(DelegatingFilterProxy.java:261)
	at org.apache.catalina.core.ApplicationFilterChain.internalDoFilter(ApplicationFilterChain.java:241)
	at org.apache.catalina.core.ApplicationFilterChain.doFilter(ApplicationFilterChain.java:208)
	at org.apache.catalina.core.StandardWrapperValve.invoke(StandardWrapperValve.java:220)
	at org.apache.catalina.core.StandardContextValve.invoke(StandardContextValve.java:122)
	at org.apache.catalina.core.StandardHostValve.invoke(StandardHostValve.java:171)
	at org.apache.catalina.valves.ErrorReportValve.invoke(ErrorReportValve.java:103)
	at org.apache.catalina.core.StandardEngineValve.invoke(StandardEngineValve.java:116)
	at org.apache.catalina.connector.CoyoteAdapter.service(CoyoteAdapter.java:408)
	at org.apache.coyote.http11.AbstractHttp11Processor.process(AbstractHttp11Processor.java:1070)
	at org.apache.coyote.AbstractProtocol$AbstractConnectionHandler.process(AbstractProtocol.java:611)
	at org.apache.tomcat.util.net.JIoEndpoint$SocketProcessor.run(JIoEndpoint.java:314)
	at java.util.concurrent.ThreadPoolExecutor.runWorker(ThreadPoolExecutor.java:1142)
	at java.util.concurrent.ThreadPoolExecutor$Worker.run(ThreadPoolExecutor.java:617)
	at org.apache.tomcat.util.threads.TaskThread$WrappingRunnable.run(TaskThread.java:61)
	at java.lang.Thread.run(Thread.java:745)
2015-08-09 00:46:18,860 [http-bio-8080-exec-4] ERROR StackTrace  - Full Stack Trace:
org.codehaus.groovy.grails.web.mapping.exceptions.UrlMappingException: Error mapping onto view [task/index]: Error processing GroovyPageView: Error executing tag <g:remoteLink>: Unable to create URL for mapping [/(*)/(*)?/(*)?(.(*))?] and parameters [{action=create}]. Parameter [controller] is required, but was not specified!
	at java.util.concurrent.ThreadPoolExecutor.runWorker(ThreadPoolExecutor.java:1142)
	at java.util.concurrent.ThreadPoolExecutor$Worker.run(ThreadPoolExecutor.java:617)
	at java.lang.Thread.run(Thread.java:745)
Caused by: org.codehaus.groovy.grails.web.pages.exceptions.GroovyPagesException: Error processing GroovyPageView: Error executing tag <g:remoteLink>: Unable to create URL for mapping [/(*)/(*)?/(*)?(.(*))?] and parameters [{action=create}]. Parameter [controller] is required, but was not specified!
	... 3 more
Caused by: org.codehaus.groovy.grails.web.taglib.exceptions.GrailsTagException: Error executing tag <g:remoteLink>: Unable to create URL for mapping [/(*)/(*)?/(*)?(.(*))?] and parameters [{action=create}]. Parameter [controller] is required, but was not specified!
	at C__Users_Karina_Desktop_tasks_grails_app_views_task_index_gsp$_run_closure2.doCall(C__Users_Karina_Desktop_tasks_grails_app_views_task_index_gsp:106)
	at C__Users_Karina_Desktop_tasks_grails_app_views_task_index_gsp.run(C__Users_Karina_Desktop_tasks_grails_app_views_task_index_gsp:116)
	... 3 more
Caused by: org.codehaus.groovy.grails.web.mapping.exceptions.UrlMappingException: Unable to create URL for mapping [/(*)/(*)?/(*)?(.(*))?] and parameters [{action=create}]. Parameter [controller] is required, but was not specified!
	... 5 more
2015-08-09 00:46:18,864 [http-bio-8080-exec-4] ERROR StackTrace  - Full Stack Trace:
org.codehaus.groovy.grails.web.mapping.exceptions.UrlMappingException: Error mapping onto view [task/index]: Error processing GroovyPageView: Error executing tag <g:remoteLink>: Unable to create URL for mapping [/(*)/(*)?/(*)?(.(*))?] and parameters [{action=create}]. Parameter [controller] is required, but was not specified!
	at java.util.concurrent.ThreadPoolExecutor.runWorker(ThreadPoolExecutor.java:1142)
	at java.util.concurrent.ThreadPoolExecutor$Worker.run(ThreadPoolExecutor.java:617)
	at java.lang.Thread.run(Thread.java:745)
Caused by: org.codehaus.groovy.grails.web.pages.exceptions.GroovyPagesException: Error processing GroovyPageView: Error executing tag <g:remoteLink>: Unable to create URL for mapping [/(*)/(*)?/(*)?(.(*))?] and parameters [{action=create}]. Parameter [controller] is required, but was not specified!
	... 3 more
Caused by: org.codehaus.groovy.grails.web.taglib.exceptions.GrailsTagException: Error executing tag <g:remoteLink>: Unable to create URL for mapping [/(*)/(*)?/(*)?(.(*))?] and parameters [{action=create}]. Parameter [controller] is required, but was not specified!
	at C__Users_Karina_Desktop_tasks_grails_app_views_task_index_gsp$_run_closure2.doCall(C__Users_Karina_Desktop_tasks_grails_app_views_task_index_gsp:106)
	at C__Users_Karina_Desktop_tasks_grails_app_views_task_index_gsp.run(C__Users_Karina_Desktop_tasks_grails_app_views_task_index_gsp:116)
	... 3 more
Caused by: org.codehaus.groovy.grails.web.mapping.exceptions.UrlMappingException: Unable to create URL for mapping [/(*)/(*)?/(*)?(.(*))?] and parameters [{action=create}]. Parameter [controller] is required, but was not specified!
	... 5 more
2015-08-09 00:46:18,865 [http-bio-8080-exec-4] ERROR StackTrace  - Full Stack Trace:
org.codehaus.groovy.grails.web.pages.exceptions.GroovyPagesException: Error processing GroovyPageView: Error executing tag <g:remoteLink>: Unable to create URL for mapping [/(*)/(*)?/(*)?(.(*))?] and parameters [{action=create}]. Parameter [controller] is required, but was not specified!
	at java.util.concurrent.ThreadPoolExecutor.runWorker(ThreadPoolExecutor.java:1142)
	at java.util.concurrent.ThreadPoolExecutor$Worker.run(ThreadPoolExecutor.java:617)
	at java.lang.Thread.run(Thread.java:745)
Caused by: org.codehaus.groovy.grails.web.taglib.exceptions.GrailsTagException: Error executing tag <g:remoteLink>: Unable to create URL for mapping [/(*)/(*)?/(*)?(.(*))?] and parameters [{action=create}]. Parameter [controller] is required, but was not specified!
	at C__Users_Karina_Desktop_tasks_grails_app_views_task_index_gsp$_run_closure2.doCall(C__Users_Karina_Desktop_tasks_grails_app_views_task_index_gsp:106)
	at C__Users_Karina_Desktop_tasks_grails_app_views_task_index_gsp.run(C__Users_Karina_Desktop_tasks_grails_app_views_task_index_gsp:116)
	... 3 more
Caused by: org.codehaus.groovy.grails.web.mapping.exceptions.UrlMappingException: Unable to create URL for mapping [/(*)/(*)?/(*)?(.(*))?] and parameters [{action=create}]. Parameter [controller] is required, but was not specified!
	... 5 more
2015-08-09 00:46:18,865 [http-bio-8080-exec-4] ERROR StackTrace  - Full Stack Trace:
org.codehaus.groovy.grails.web.taglib.exceptions.GrailsTagException: Error executing tag <g:remoteLink>: Unable to create URL for mapping [/(*)/(*)?/(*)?(.(*))?] and parameters [{action=create}]. Parameter [controller] is required, but was not specified!
	at C__Users_Karina_Desktop_tasks_grails_app_views_task_index_gsp$_run_closure2.doCall(C__Users_Karina_Desktop_tasks_grails_app_views_task_index_gsp:106)
	at C__Users_Karina_Desktop_tasks_grails_app_views_task_index_gsp.run(C__Users_Karina_Desktop_tasks_grails_app_views_task_index_gsp:116)
	at java.util.concurrent.ThreadPoolExecutor.runWorker(ThreadPoolExecutor.java:1142)
	at java.util.concurrent.ThreadPoolExecutor$Worker.run(ThreadPoolExecutor.java:617)
	at java.lang.Thread.run(Thread.java:745)
Caused by: org.codehaus.groovy.grails.web.mapping.exceptions.UrlMappingException: Unable to create URL for mapping [/(*)/(*)?/(*)?(.(*))?] and parameters [{action=create}]. Parameter [controller] is required, but was not specified!
	... 5 more
2015-08-09 00:46:18,865 [http-bio-8080-exec-4] ERROR StackTrace  - Full Stack Trace:
org.codehaus.groovy.grails.web.mapping.exceptions.UrlMappingException: Unable to create URL for mapping [/(*)/(*)?/(*)?(.(*))?] and parameters [{action=create}]. Parameter [controller] is required, but was not specified!
	at C__Users_Karina_Desktop_tasks_grails_app_views_task_index_gsp$_run_closure2.doCall(C__Users_Karina_Desktop_tasks_grails_app_views_task_index_gsp:106)
	at C__Users_Karina_Desktop_tasks_grails_app_views_task_index_gsp.run(C__Users_Karina_Desktop_tasks_grails_app_views_task_index_gsp:116)
	at java.util.concurrent.ThreadPoolExecutor.runWorker(ThreadPoolExecutor.java:1142)
	at java.util.concurrent.ThreadPoolExecutor$Worker.run(ThreadPoolExecutor.java:617)
	at java.lang.Thread.run(Thread.java:745)
2015-08-09 00:46:18,867 [http-bio-8080-exec-4] ERROR StackTrace  - Full Stack Trace:
org.codehaus.groovy.grails.web.mapping.exceptions.UrlMappingException: Error mapping onto view [task/index]: Error processing GroovyPageView: Error executing tag <g:remoteLink>: Unable to create URL for mapping [/(*)/(*)?/(*)?(.(*))?] and parameters [{action=create}]. Parameter [controller] is required, but was not specified!
	at java.util.concurrent.ThreadPoolExecutor.runWorker(ThreadPoolExecutor.java:1142)
	at java.util.concurrent.ThreadPoolExecutor$Worker.run(ThreadPoolExecutor.java:617)
	at java.lang.Thread.run(Thread.java:745)
Caused by: org.codehaus.groovy.grails.web.pages.exceptions.GroovyPagesException: Error processing GroovyPageView: Error executing tag <g:remoteLink>: Unable to create URL for mapping [/(*)/(*)?/(*)?(.(*))?] and parameters [{action=create}]. Parameter [controller] is required, but was not specified!
	... 3 more
Caused by: org.codehaus.groovy.grails.web.taglib.exceptions.GrailsTagException: Error executing tag <g:remoteLink>: Unable to create URL for mapping [/(*)/(*)?/(*)?(.(*))?] and parameters [{action=create}]. Parameter [controller] is required, but was not specified!
	at C__Users_Karina_Desktop_tasks_grails_app_views_task_index_gsp$_run_closure2.doCall(C__Users_Karina_Desktop_tasks_grails_app_views_task_index_gsp:106)
	at C__Users_Karina_Desktop_tasks_grails_app_views_task_index_gsp.run(C__Users_Karina_Desktop_tasks_grails_app_views_task_index_gsp:116)
	... 3 more
Caused by: org.codehaus.groovy.grails.web.mapping.exceptions.UrlMappingException: Unable to create URL for mapping [/(*)/(*)?/(*)?(.(*))?] and parameters [{action=create}]. Parameter [controller] is required, but was not specified!
	... 5 more
2015-08-09 00:46:19,043 [http-bio-8080-exec-4] ERROR StackTrace  - Full Stack Trace:
org.codehaus.groovy.grails.web.mapping.exceptions.UrlMappingException: Error mapping onto view [task/index]: Error processing GroovyPageView: Error executing tag <g:remoteLink>: Unable to create URL for mapping [/(*)/(*)?/(*)?(.(*))?] and parameters [{action=create}]. Parameter [controller] is required, but was not specified!
	at java.util.concurrent.ThreadPoolExecutor.runWorker(ThreadPoolExecutor.java:1142)
	at java.util.concurrent.ThreadPoolExecutor$Worker.run(ThreadPoolExecutor.java:617)
	at java.lang.Thread.run(Thread.java:745)
Caused by: org.codehaus.groovy.grails.web.pages.exceptions.GroovyPagesException: Error processing GroovyPageView: Error executing tag <g:remoteLink>: Unable to create URL for mapping [/(*)/(*)?/(*)?(.(*))?] and parameters [{action=create}]. Parameter [controller] is required, but was not specified!
	... 3 more
Caused by: org.codehaus.groovy.grails.web.taglib.exceptions.GrailsTagException: Error executing tag <g:remoteLink>: Unable to create URL for mapping [/(*)/(*)?/(*)?(.(*))?] and parameters [{action=create}]. Parameter [controller] is required, but was not specified!
	at C__Users_Karina_Desktop_tasks_grails_app_views_task_index_gsp$_run_closure2.doCall(C__Users_Karina_Desktop_tasks_grails_app_views_task_index_gsp:106)
	at C__Users_Karina_Desktop_tasks_grails_app_views_task_index_gsp.run(C__Users_Karina_Desktop_tasks_grails_app_views_task_index_gsp:116)
	... 3 more
Caused by: org.codehaus.groovy.grails.web.mapping.exceptions.UrlMappingException: Unable to create URL for mapping [/(*)/(*)?/(*)?(.(*))?] and parameters [{action=create}]. Parameter [controller] is required, but was not specified!
	... 5 more
2015-08-09 00:46:19,043 [http-bio-8080-exec-4] ERROR StackTrace  - Full Stack Trace:
org.codehaus.groovy.grails.web.pages.exceptions.GroovyPagesException: Error processing GroovyPageView: Error executing tag <g:remoteLink>: Unable to create URL for mapping [/(*)/(*)?/(*)?(.(*))?] and parameters [{action=create}]. Parameter [controller] is required, but was not specified!
	at java.util.concurrent.ThreadPoolExecutor.runWorker(ThreadPoolExecutor.java:1142)
	at java.util.concurrent.ThreadPoolExecutor$Worker.run(ThreadPoolExecutor.java:617)
	at java.lang.Thread.run(Thread.java:745)
Caused by: org.codehaus.groovy.grails.web.taglib.exceptions.GrailsTagException: Error executing tag <g:remoteLink>: Unable to create URL for mapping [/(*)/(*)?/(*)?(.(*))?] and parameters [{action=create}]. Parameter [controller] is required, but was not specified!
	at C__Users_Karina_Desktop_tasks_grails_app_views_task_index_gsp$_run_closure2.doCall(C__Users_Karina_Desktop_tasks_grails_app_views_task_index_gsp:106)
	at C__Users_Karina_Desktop_tasks_grails_app_views_task_index_gsp.run(C__Users_Karina_Desktop_tasks_grails_app_views_task_index_gsp:116)
	... 3 more
Caused by: org.codehaus.groovy.grails.web.mapping.exceptions.UrlMappingException: Unable to create URL for mapping [/(*)/(*)?/(*)?(.(*))?] and parameters [{action=create}]. Parameter [controller] is required, but was not specified!
	... 5 more
2015-08-09 00:46:19,043 [http-bio-8080-exec-4] ERROR StackTrace  - Full Stack Trace:
org.codehaus.groovy.grails.web.taglib.exceptions.GrailsTagException: Error executing tag <g:remoteLink>: Unable to create URL for mapping [/(*)/(*)?/(*)?(.(*))?] and parameters [{action=create}]. Parameter [controller] is required, but was not specified!
	at C__Users_Karina_Desktop_tasks_grails_app_views_task_index_gsp$_run_closure2.doCall(C__Users_Karina_Desktop_tasks_grails_app_views_task_index_gsp:106)
	at C__Users_Karina_Desktop_tasks_grails_app_views_task_index_gsp.run(C__Users_Karina_Desktop_tasks_grails_app_views_task_index_gsp:116)
	at java.util.concurrent.ThreadPoolExecutor.runWorker(ThreadPoolExecutor.java:1142)
	at java.util.concurrent.ThreadPoolExecutor$Worker.run(ThreadPoolExecutor.java:617)
	at java.lang.Thread.run(Thread.java:745)
Caused by: org.codehaus.groovy.grails.web.mapping.exceptions.UrlMappingException: Unable to create URL for mapping [/(*)/(*)?/(*)?(.(*))?] and parameters [{action=create}]. Parameter [controller] is required, but was not specified!
	... 5 more
2015-08-09 00:46:19,043 [http-bio-8080-exec-4] ERROR StackTrace  - Full Stack Trace:
org.codehaus.groovy.grails.web.mapping.exceptions.UrlMappingException: Unable to create URL for mapping [/(*)/(*)?/(*)?(.(*))?] and parameters [{action=create}]. Parameter [controller] is required, but was not specified!
	at C__Users_Karina_Desktop_tasks_grails_app_views_task_index_gsp$_run_closure2.doCall(C__Users_Karina_Desktop_tasks_grails_app_views_task_index_gsp:106)
	at C__Users_Karina_Desktop_tasks_grails_app_views_task_index_gsp.run(C__Users_Karina_Desktop_tasks_grails_app_views_task_index_gsp:116)
	at java.util.concurrent.ThreadPoolExecutor.runWorker(ThreadPoolExecutor.java:1142)
	at java.util.concurrent.ThreadPoolExecutor$Worker.run(ThreadPoolExecutor.java:617)
	at java.lang.Thread.run(Thread.java:745)
2015-08-09 00:46:19,043 [http-bio-8080-exec-4] ERROR StackTrace  - Full Stack Trace:
org.codehaus.groovy.grails.web.mapping.exceptions.UrlMappingException: Error mapping onto view [task/index]: Error processing GroovyPageView: Error executing tag <g:remoteLink>: Unable to create URL for mapping [/(*)/(*)?/(*)?(.(*))?] and parameters [{action=create}]. Parameter [controller] is required, but was not specified!
	at java.util.concurrent.ThreadPoolExecutor.runWorker(ThreadPoolExecutor.java:1142)
	at java.util.concurrent.ThreadPoolExecutor$Worker.run(ThreadPoolExecutor.java:617)
	at java.lang.Thread.run(Thread.java:745)
Caused by: org.codehaus.groovy.grails.web.pages.exceptions.GroovyPagesException: Error processing GroovyPageView: Error executing tag <g:remoteLink>: Unable to create URL for mapping [/(*)/(*)?/(*)?(.(*))?] and parameters [{action=create}]. Parameter [controller] is required, but was not specified!
	... 3 more
Caused by: org.codehaus.groovy.grails.web.taglib.exceptions.GrailsTagException: Error executing tag <g:remoteLink>: Unable to create URL for mapping [/(*)/(*)?/(*)?(.(*))?] and parameters [{action=create}]. Parameter [controller] is required, but was not specified!
	at C__Users_Karina_Desktop_tasks_grails_app_views_task_index_gsp$_run_closure2.doCall(C__Users_Karina_Desktop_tasks_grails_app_views_task_index_gsp:106)
	at C__Users_Karina_Desktop_tasks_grails_app_views_task_index_gsp.run(C__Users_Karina_Desktop_tasks_grails_app_views_task_index_gsp:116)
	... 3 more
Caused by: org.codehaus.groovy.grails.web.mapping.exceptions.UrlMappingException: Unable to create URL for mapping [/(*)/(*)?/(*)?(.(*))?] and parameters [{action=create}]. Parameter [controller] is required, but was not specified!
	... 5 more
2015-08-09 01:00:15,628 [http-bio-8080-exec-8] ERROR StackTrace  - Full Stack Trace:
org.codehaus.groovy.grails.web.mapping.exceptions.UrlMappingException: Error mapping onto view [/index]: Error processing GroovyPageView: Tag [redirect] does not exist. No tag library found for namespace: g
	at org.codehaus.groovy.grails.web.mapping.filter.UrlMappingsFilter.renderViewForUrlMappingInfo(UrlMappingsFilter.java:420)
	at org.codehaus.groovy.grails.web.mapping.filter.UrlMappingsFilter.doFilterInternal(UrlMappingsFilter.java:222)
	at org.springframework.web.filter.OncePerRequestFilter.doFilter(OncePerRequestFilter.java:107)
	at org.apache.catalina.core.ApplicationFilterChain.internalDoFilter(ApplicationFilterChain.java:241)
	at org.apache.catalina.core.ApplicationFilterChain.doFilter(ApplicationFilterChain.java:208)
	at org.codehaus.groovy.grails.web.servlet.mvc.GrailsWebRequestFilter.doFilterInternal(GrailsWebRequestFilter.java:69)
	at org.springframework.web.filter.OncePerRequestFilter.doFilter(OncePerRequestFilter.java:107)
	at org.apache.catalina.core.ApplicationFilterChain.internalDoFilter(ApplicationFilterChain.java:241)
	at org.apache.catalina.core.ApplicationFilterChain.doFilter(ApplicationFilterChain.java:208)
	at org.codehaus.groovy.grails.web.filters.HiddenHttpMethodFilter.doFilterInternal(HiddenHttpMethodFilter.java:67)
	at org.springframework.web.filter.OncePerRequestFilter.doFilter(OncePerRequestFilter.java:107)
	at org.apache.catalina.core.ApplicationFilterChain.internalDoFilter(ApplicationFilterChain.java:241)
	at org.apache.catalina.core.ApplicationFilterChain.doFilter(ApplicationFilterChain.java:208)
	at org.springframework.web.filter.CharacterEncodingFilter.doFilterInternal(CharacterEncodingFilter.java:88)
	at org.springframework.web.filter.OncePerRequestFilter.doFilter(OncePerRequestFilter.java:107)
	at org.springframework.web.filter.DelegatingFilterProxy.invokeDelegate(DelegatingFilterProxy.java:344)
	at org.springframework.web.filter.DelegatingFilterProxy.doFilter(DelegatingFilterProxy.java:261)
	at org.apache.catalina.core.ApplicationFilterChain.internalDoFilter(ApplicationFilterChain.java:241)
	at org.apache.catalina.core.ApplicationFilterChain.doFilter(ApplicationFilterChain.java:208)
	at org.apache.catalina.core.StandardWrapperValve.invoke(StandardWrapperValve.java:220)
	at org.apache.catalina.core.StandardContextValve.invoke(StandardContextValve.java:122)
	at org.apache.catalina.core.StandardHostValve.invoke(StandardHostValve.java:171)
	at org.apache.catalina.valves.ErrorReportValve.invoke(ErrorReportValve.java:103)
	at org.apache.catalina.core.StandardEngineValve.invoke(StandardEngineValve.java:116)
	at org.apache.catalina.connector.CoyoteAdapter.service(CoyoteAdapter.java:408)
	at org.apache.coyote.http11.AbstractHttp11Processor.process(AbstractHttp11Processor.java:1070)
	at org.apache.coyote.AbstractProtocol$AbstractConnectionHandler.process(AbstractProtocol.java:611)
	at org.apache.tomcat.util.net.JIoEndpoint$SocketProcessor.run(JIoEndpoint.java:314)
	at java.util.concurrent.ThreadPoolExecutor.runWorker(ThreadPoolExecutor.java:1142)
	at java.util.concurrent.ThreadPoolExecutor$Worker.run(ThreadPoolExecutor.java:617)
	at org.apache.tomcat.util.threads.TaskThread$WrappingRunnable.run(TaskThread.java:61)
	at java.lang.Thread.run(Thread.java:745)
Caused by: org.codehaus.groovy.grails.web.pages.exceptions.GroovyPagesException: Error processing GroovyPageView: Tag [redirect] does not exist. No tag library found for namespace: g
	at org.codehaus.groovy.grails.web.servlet.view.GroovyPageView.createGroovyPageException(GroovyPageView.java:127)
	at org.codehaus.groovy.grails.web.servlet.view.GroovyPageView.handleException(GroovyPageView.java:104)
	at org.codehaus.groovy.grails.web.servlet.view.GroovyPageView.renderTemplate(GroovyPageView.java:75)
	at org.codehaus.groovy.grails.web.servlet.view.AbstractGrailsView.renderWithinGrailsWebRequest(AbstractGrailsView.java:49)
	at org.codehaus.groovy.grails.web.servlet.view.AbstractGrailsView.renderMergedOutputModel(AbstractGrailsView.java:33)
	at org.springframework.web.servlet.view.AbstractView.render(AbstractView.java:267)
	at org.codehaus.groovy.grails.web.sitemesh.GrailsLayoutView.renderInnerView(GrailsLayoutView.java:116)
	at org.codehaus.groovy.grails.web.sitemesh.GrailsLayoutView.obtainContent(GrailsLayoutView.java:97)
	at org.codehaus.groovy.grails.web.sitemesh.GrailsLayoutView.renderTemplate(GrailsLayoutView.java:55)
	at org.codehaus.groovy.grails.web.servlet.view.AbstractGrailsView.renderWithinGrailsWebRequest(AbstractGrailsView.java:49)
	at org.codehaus.groovy.grails.web.servlet.view.AbstractGrailsView.renderMergedOutputModel(AbstractGrailsView.java:33)
	at org.springframework.web.servlet.view.AbstractView.render(AbstractView.java:267)
	at org.codehaus.groovy.grails.web.mapping.filter.UrlMappingsFilter.renderViewForUrlMappingInfo(UrlMappingsFilter.java:401)
	... 31 more
Caused by: org.codehaus.groovy.grails.web.taglib.exceptions.GrailsTagException: Tag [redirect] does not exist. No tag library found for namespace: g
	at org.codehaus.groovy.grails.web.pages.GroovyPage.throwRootCause(GroovyPage.java:524)
	at org.codehaus.groovy.grails.web.pages.GroovyPage.invokeTag(GroovyPage.java:470)
	at org.codehaus.groovy.grails.web.pages.GroovyPage$invokeTag$4.callCurrent(Unknown Source)
	at org.codehaus.groovy.runtime.callsite.CallSiteArray.defaultCallCurrent(CallSiteArray.java:49)
	at org.codehaus.groovy.runtime.callsite.AbstractCallSite.callCurrent(AbstractCallSite.java:133)
	at C__Users_Karina_Desktop_tasks_grails_app_views_index_gsp.run(C__Users_Karina_Desktop_tasks_grails_app_views_index_gsp:15)
	at org.codehaus.groovy.grails.web.pages.GroovyPageWritable.doWriteTo(GroovyPageWritable.java:217)
	at org.codehaus.groovy.grails.web.pages.GroovyPageWritable.writeTo(GroovyPageWritable.java:128)
	at org.codehaus.groovy.grails.web.servlet.view.GroovyPageView.renderTemplate(GroovyPageView.java:71)
	... 41 more
2015-08-09 01:00:15,632 [http-bio-8080-exec-8] ERROR StackTrace  - Full Stack Trace:
org.codehaus.groovy.grails.web.pages.exceptions.GroovyPagesException: Error processing GroovyPageView: Tag [redirect] does not exist. No tag library found for namespace: g
	at org.codehaus.groovy.grails.web.servlet.view.GroovyPageView.createGroovyPageException(GroovyPageView.java:127)
	at org.codehaus.groovy.grails.web.servlet.view.GroovyPageView.handleException(GroovyPageView.java:104)
	at org.codehaus.groovy.grails.web.servlet.view.GroovyPageView.renderTemplate(GroovyPageView.java:75)
	at org.codehaus.groovy.grails.web.servlet.view.AbstractGrailsView.renderWithinGrailsWebRequest(AbstractGrailsView.java:49)
	at org.codehaus.groovy.grails.web.servlet.view.AbstractGrailsView.renderMergedOutputModel(AbstractGrailsView.java:33)
	at org.springframework.web.servlet.view.AbstractView.render(AbstractView.java:267)
	at org.codehaus.groovy.grails.web.sitemesh.GrailsLayoutView.renderInnerView(GrailsLayoutView.java:116)
	at org.codehaus.groovy.grails.web.sitemesh.GrailsLayoutView.obtainContent(GrailsLayoutView.java:97)
	at org.codehaus.groovy.grails.web.sitemesh.GrailsLayoutView.renderTemplate(GrailsLayoutView.java:55)
	at org.codehaus.groovy.grails.web.servlet.view.AbstractGrailsView.renderWithinGrailsWebRequest(AbstractGrailsView.java:49)
	at org.codehaus.groovy.grails.web.servlet.view.AbstractGrailsView.renderMergedOutputModel(AbstractGrailsView.java:33)
	at org.springframework.web.servlet.view.AbstractView.render(AbstractView.java:267)
	at org.codehaus.groovy.grails.web.mapping.filter.UrlMappingsFilter.renderViewForUrlMappingInfo(UrlMappingsFilter.java:401)
	at org.codehaus.groovy.grails.web.mapping.filter.UrlMappingsFilter.doFilterInternal(UrlMappingsFilter.java:222)
	at org.springframework.web.filter.OncePerRequestFilter.doFilter(OncePerRequestFilter.java:107)
	at org.apache.catalina.core.ApplicationFilterChain.internalDoFilter(ApplicationFilterChain.java:241)
	at org.apache.catalina.core.ApplicationFilterChain.doFilter(ApplicationFilterChain.java:208)
	at org.codehaus.groovy.grails.web.servlet.mvc.GrailsWebRequestFilter.doFilterInternal(GrailsWebRequestFilter.java:69)
	at org.springframework.web.filter.OncePerRequestFilter.doFilter(OncePerRequestFilter.java:107)
	at org.apache.catalina.core.ApplicationFilterChain.internalDoFilter(ApplicationFilterChain.java:241)
	at org.apache.catalina.core.ApplicationFilterChain.doFilter(ApplicationFilterChain.java:208)
	at org.codehaus.groovy.grails.web.filters.HiddenHttpMethodFilter.doFilterInternal(HiddenHttpMethodFilter.java:67)
	at org.springframework.web.filter.OncePerRequestFilter.doFilter(OncePerRequestFilter.java:107)
	at org.apache.catalina.core.ApplicationFilterChain.internalDoFilter(ApplicationFilterChain.java:241)
	at org.apache.catalina.core.ApplicationFilterChain.doFilter(ApplicationFilterChain.java:208)
	at org.springframework.web.filter.CharacterEncodingFilter.doFilterInternal(CharacterEncodingFilter.java:88)
	at org.springframework.web.filter.OncePerRequestFilter.doFilter(OncePerRequestFilter.java:107)
	at org.springframework.web.filter.DelegatingFilterProxy.invokeDelegate(DelegatingFilterProxy.java:344)
	at org.springframework.web.filter.DelegatingFilterProxy.doFilter(DelegatingFilterProxy.java:261)
	at org.apache.catalina.core.ApplicationFilterChain.internalDoFilter(ApplicationFilterChain.java:241)
	at org.apache.catalina.core.ApplicationFilterChain.doFilter(ApplicationFilterChain.java:208)
	at org.apache.catalina.core.StandardWrapperValve.invoke(StandardWrapperValve.java:220)
	at org.apache.catalina.core.StandardContextValve.invoke(StandardContextValve.java:122)
	at org.apache.catalina.core.StandardHostValve.invoke(StandardHostValve.java:171)
	at org.apache.catalina.valves.ErrorReportValve.invoke(ErrorReportValve.java:103)
	at org.apache.catalina.core.StandardEngineValve.invoke(StandardEngineValve.java:116)
	at org.apache.catalina.connector.CoyoteAdapter.service(CoyoteAdapter.java:408)
	at org.apache.coyote.http11.AbstractHttp11Processor.process(AbstractHttp11Processor.java:1070)
	at org.apache.coyote.AbstractProtocol$AbstractConnectionHandler.process(AbstractProtocol.java:611)
	at org.apache.tomcat.util.net.JIoEndpoint$SocketProcessor.run(JIoEndpoint.java:314)
	at java.util.concurrent.ThreadPoolExecutor.runWorker(ThreadPoolExecutor.java:1142)
	at java.util.concurrent.ThreadPoolExecutor$Worker.run(ThreadPoolExecutor.java:617)
	at org.apache.tomcat.util.threads.TaskThread$WrappingRunnable.run(TaskThread.java:61)
	at java.lang.Thread.run(Thread.java:745)
Caused by: org.codehaus.groovy.grails.web.taglib.exceptions.GrailsTagException: Tag [redirect] does not exist. No tag library found for namespace: g
	at org.codehaus.groovy.grails.web.pages.GroovyPage.throwRootCause(GroovyPage.java:524)
	at org.codehaus.groovy.grails.web.pages.GroovyPage.invokeTag(GroovyPage.java:470)
	at org.codehaus.groovy.grails.web.pages.GroovyPage$invokeTag$4.callCurrent(Unknown Source)
	at org.codehaus.groovy.runtime.callsite.CallSiteArray.defaultCallCurrent(CallSiteArray.java:49)
	at org.codehaus.groovy.runtime.callsite.AbstractCallSite.callCurrent(AbstractCallSite.java:133)
	at C__Users_Karina_Desktop_tasks_grails_app_views_index_gsp.run(C__Users_Karina_Desktop_tasks_grails_app_views_index_gsp:15)
	at org.codehaus.groovy.grails.web.pages.GroovyPageWritable.doWriteTo(GroovyPageWritable.java:217)
	at org.codehaus.groovy.grails.web.pages.GroovyPageWritable.writeTo(GroovyPageWritable.java:128)
	at org.codehaus.groovy.grails.web.servlet.view.GroovyPageView.renderTemplate(GroovyPageView.java:71)
	... 41 more
2015-08-09 01:00:15,633 [http-bio-8080-exec-8] ERROR StackTrace  - Full Stack Trace:
org.codehaus.groovy.grails.web.taglib.exceptions.GrailsTagException: Tag [redirect] does not exist. No tag library found for namespace: g
	at org.codehaus.groovy.grails.web.pages.GroovyPage.throwRootCause(GroovyPage.java:524)
	at org.codehaus.groovy.grails.web.pages.GroovyPage.invokeTag(GroovyPage.java:470)
	at org.codehaus.groovy.grails.web.pages.GroovyPage$invokeTag$4.callCurrent(Unknown Source)
	at org.codehaus.groovy.runtime.callsite.CallSiteArray.defaultCallCurrent(CallSiteArray.java:49)
	at org.codehaus.groovy.runtime.callsite.AbstractCallSite.callCurrent(AbstractCallSite.java:133)
	at C__Users_Karina_Desktop_tasks_grails_app_views_index_gsp.run(C__Users_Karina_Desktop_tasks_grails_app_views_index_gsp:15)
	at org.codehaus.groovy.grails.web.pages.GroovyPageWritable.doWriteTo(GroovyPageWritable.java:217)
	at org.codehaus.groovy.grails.web.pages.GroovyPageWritable.writeTo(GroovyPageWritable.java:128)
	at org.codehaus.groovy.grails.web.servlet.view.GroovyPageView.renderTemplate(GroovyPageView.java:71)
	at org.codehaus.groovy.grails.web.servlet.view.AbstractGrailsView.renderWithinGrailsWebRequest(AbstractGrailsView.java:49)
	at org.codehaus.groovy.grails.web.servlet.view.AbstractGrailsView.renderMergedOutputModel(AbstractGrailsView.java:33)
	at org.springframework.web.servlet.view.AbstractView.render(AbstractView.java:267)
	at org.codehaus.groovy.grails.web.sitemesh.GrailsLayoutView.renderInnerView(GrailsLayoutView.java:116)
	at org.codehaus.groovy.grails.web.sitemesh.GrailsLayoutView.obtainContent(GrailsLayoutView.java:97)
	at org.codehaus.groovy.grails.web.sitemesh.GrailsLayoutView.renderTemplate(GrailsLayoutView.java:55)
	at org.codehaus.groovy.grails.web.servlet.view.AbstractGrailsView.renderWithinGrailsWebRequest(AbstractGrailsView.java:49)
	at org.codehaus.groovy.grails.web.servlet.view.AbstractGrailsView.renderMergedOutputModel(AbstractGrailsView.java:33)
	at org.springframework.web.servlet.view.AbstractView.render(AbstractView.java:267)
	at org.codehaus.groovy.grails.web.mapping.filter.UrlMappingsFilter.renderViewForUrlMappingInfo(UrlMappingsFilter.java:401)
	at org.codehaus.groovy.grails.web.mapping.filter.UrlMappingsFilter.doFilterInternal(UrlMappingsFilter.java:222)
	at org.springframework.web.filter.OncePerRequestFilter.doFilter(OncePerRequestFilter.java:107)
	at org.apache.catalina.core.ApplicationFilterChain.internalDoFilter(ApplicationFilterChain.java:241)
	at org.apache.catalina.core.ApplicationFilterChain.doFilter(ApplicationFilterChain.java:208)
	at org.codehaus.groovy.grails.web.servlet.mvc.GrailsWebRequestFilter.doFilterInternal(GrailsWebRequestFilter.java:69)
	at org.springframework.web.filter.OncePerRequestFilter.doFilter(OncePerRequestFilter.java:107)
	at org.apache.catalina.core.ApplicationFilterChain.internalDoFilter(ApplicationFilterChain.java:241)
	at org.apache.catalina.core.ApplicationFilterChain.doFilter(ApplicationFilterChain.java:208)
	at org.codehaus.groovy.grails.web.filters.HiddenHttpMethodFilter.doFilterInternal(HiddenHttpMethodFilter.java:67)
	at org.springframework.web.filter.OncePerRequestFilter.doFilter(OncePerRequestFilter.java:107)
	at org.apache.catalina.core.ApplicationFilterChain.internalDoFilter(ApplicationFilterChain.java:241)
	at org.apache.catalina.core.ApplicationFilterChain.doFilter(ApplicationFilterChain.java:208)
	at org.springframework.web.filter.CharacterEncodingFilter.doFilterInternal(CharacterEncodingFilter.java:88)
	at org.springframework.web.filter.OncePerRequestFilter.doFilter(OncePerRequestFilter.java:107)
	at org.springframework.web.filter.DelegatingFilterProxy.invokeDelegate(DelegatingFilterProxy.java:344)
	at org.springframework.web.filter.DelegatingFilterProxy.doFilter(DelegatingFilterProxy.java:261)
	at org.apache.catalina.core.ApplicationFilterChain.internalDoFilter(ApplicationFilterChain.java:241)
	at org.apache.catalina.core.ApplicationFilterChain.doFilter(ApplicationFilterChain.java:208)
	at org.apache.catalina.core.StandardWrapperValve.invoke(StandardWrapperValve.java:220)
	at org.apache.catalina.core.StandardContextValve.invoke(StandardContextValve.java:122)
	at org.apache.catalina.core.StandardHostValve.invoke(StandardHostValve.java:171)
	at org.apache.catalina.valves.ErrorReportValve.invoke(ErrorReportValve.java:103)
	at org.apache.catalina.core.StandardEngineValve.invoke(StandardEngineValve.java:116)
	at org.apache.catalina.connector.CoyoteAdapter.service(CoyoteAdapter.java:408)
	at org.apache.coyote.http11.AbstractHttp11Processor.process(AbstractHttp11Processor.java:1070)
	at org.apache.coyote.AbstractProtocol$AbstractConnectionHandler.process(AbstractProtocol.java:611)
	at org.apache.tomcat.util.net.JIoEndpoint$SocketProcessor.run(JIoEndpoint.java:314)
	at java.util.concurrent.ThreadPoolExecutor.runWorker(ThreadPoolExecutor.java:1142)
	at java.util.concurrent.ThreadPoolExecutor$Worker.run(ThreadPoolExecutor.java:617)
	at org.apache.tomcat.util.threads.TaskThread$WrappingRunnable.run(TaskThread.java:61)
	at java.lang.Thread.run(Thread.java:745)
2015-08-09 01:00:15,634 [http-bio-8080-exec-8] ERROR StackTrace  - Full Stack Trace:
org.codehaus.groovy.grails.web.mapping.exceptions.UrlMappingException: Error mapping onto view [/index]: Error processing GroovyPageView: Tag [redirect] does not exist. No tag library found for namespace: g
	at java.util.concurrent.ThreadPoolExecutor.runWorker(ThreadPoolExecutor.java:1142)
	at java.util.concurrent.ThreadPoolExecutor$Worker.run(ThreadPoolExecutor.java:617)
	at java.lang.Thread.run(Thread.java:745)
Caused by: org.codehaus.groovy.grails.web.pages.exceptions.GroovyPagesException: Error processing GroovyPageView: Tag [redirect] does not exist. No tag library found for namespace: g
	... 3 more
Caused by: org.codehaus.groovy.grails.web.taglib.exceptions.GrailsTagException: Tag [redirect] does not exist. No tag library found for namespace: g
	at C__Users_Karina_Desktop_tasks_grails_app_views_index_gsp.run(C__Users_Karina_Desktop_tasks_grails_app_views_index_gsp:15)
	... 3 more
2015-08-09 01:00:15,636 [http-bio-8080-exec-8] ERROR StackTrace  - Full Stack Trace:
org.codehaus.groovy.grails.web.mapping.exceptions.UrlMappingException: Error mapping onto view [/index]: Error processing GroovyPageView: Tag [redirect] does not exist. No tag library found for namespace: g
	at java.util.concurrent.ThreadPoolExecutor.runWorker(ThreadPoolExecutor.java:1142)
	at java.util.concurrent.ThreadPoolExecutor$Worker.run(ThreadPoolExecutor.java:617)
	at java.lang.Thread.run(Thread.java:745)
Caused by: org.codehaus.groovy.grails.web.pages.exceptions.GroovyPagesException: Error processing GroovyPageView: Tag [redirect] does not exist. No tag library found for namespace: g
	... 3 more
Caused by: org.codehaus.groovy.grails.web.taglib.exceptions.GrailsTagException: Tag [redirect] does not exist. No tag library found for namespace: g
	at C__Users_Karina_Desktop_tasks_grails_app_views_index_gsp.run(C__Users_Karina_Desktop_tasks_grails_app_views_index_gsp:15)
	... 3 more
2015-08-09 01:00:15,636 [http-bio-8080-exec-8] ERROR StackTrace  - Full Stack Trace:
org.codehaus.groovy.grails.web.pages.exceptions.GroovyPagesException: Error processing GroovyPageView: Tag [redirect] does not exist. No tag library found for namespace: g
	at java.util.concurrent.ThreadPoolExecutor.runWorker(ThreadPoolExecutor.java:1142)
	at java.util.concurrent.ThreadPoolExecutor$Worker.run(ThreadPoolExecutor.java:617)
	at java.lang.Thread.run(Thread.java:745)
Caused by: org.codehaus.groovy.grails.web.taglib.exceptions.GrailsTagException: Tag [redirect] does not exist. No tag library found for namespace: g
	at C__Users_Karina_Desktop_tasks_grails_app_views_index_gsp.run(C__Users_Karina_Desktop_tasks_grails_app_views_index_gsp:15)
	... 3 more
2015-08-09 01:00:15,636 [http-bio-8080-exec-8] ERROR StackTrace  - Full Stack Trace:
org.codehaus.groovy.grails.web.taglib.exceptions.GrailsTagException: Tag [redirect] does not exist. No tag library found for namespace: g
	at C__Users_Karina_Desktop_tasks_grails_app_views_index_gsp.run(C__Users_Karina_Desktop_tasks_grails_app_views_index_gsp:15)
	at java.util.concurrent.ThreadPoolExecutor.runWorker(ThreadPoolExecutor.java:1142)
	at java.util.concurrent.ThreadPoolExecutor$Worker.run(ThreadPoolExecutor.java:617)
	at java.lang.Thread.run(Thread.java:745)
2015-08-09 01:00:15,637 [http-bio-8080-exec-8] ERROR StackTrace  - Full Stack Trace:
org.codehaus.groovy.grails.web.mapping.exceptions.UrlMappingException: Error mapping onto view [/index]: Error processing GroovyPageView: Tag [redirect] does not exist. No tag library found for namespace: g
	at java.util.concurrent.ThreadPoolExecutor.runWorker(ThreadPoolExecutor.java:1142)
	at java.util.concurrent.ThreadPoolExecutor$Worker.run(ThreadPoolExecutor.java:617)
	at java.lang.Thread.run(Thread.java:745)
Caused by: org.codehaus.groovy.grails.web.pages.exceptions.GroovyPagesException: Error processing GroovyPageView: Tag [redirect] does not exist. No tag library found for namespace: g
	... 3 more
Caused by: org.codehaus.groovy.grails.web.taglib.exceptions.GrailsTagException: Tag [redirect] does not exist. No tag library found for namespace: g
	at C__Users_Karina_Desktop_tasks_grails_app_views_index_gsp.run(C__Users_Karina_Desktop_tasks_grails_app_views_index_gsp:15)
	... 3 more
2015-08-09 01:00:15,786 [http-bio-8080-exec-8] ERROR StackTrace  - Full Stack Trace:
org.codehaus.groovy.grails.web.mapping.exceptions.UrlMappingException: Error mapping onto view [/index]: Error processing GroovyPageView: Tag [redirect] does not exist. No tag library found for namespace: g
	at java.util.concurrent.ThreadPoolExecutor.runWorker(ThreadPoolExecutor.java:1142)
	at java.util.concurrent.ThreadPoolExecutor$Worker.run(ThreadPoolExecutor.java:617)
	at java.lang.Thread.run(Thread.java:745)
Caused by: org.codehaus.groovy.grails.web.pages.exceptions.GroovyPagesException: Error processing GroovyPageView: Tag [redirect] does not exist. No tag library found for namespace: g
	... 3 more
Caused by: org.codehaus.groovy.grails.web.taglib.exceptions.GrailsTagException: Tag [redirect] does not exist. No tag library found for namespace: g
	at C__Users_Karina_Desktop_tasks_grails_app_views_index_gsp.run(C__Users_Karina_Desktop_tasks_grails_app_views_index_gsp:15)
	... 3 more
2015-08-09 01:00:15,786 [http-bio-8080-exec-8] ERROR StackTrace  - Full Stack Trace:
org.codehaus.groovy.grails.web.pages.exceptions.GroovyPagesException: Error processing GroovyPageView: Tag [redirect] does not exist. No tag library found for namespace: g
	at java.util.concurrent.ThreadPoolExecutor.runWorker(ThreadPoolExecutor.java:1142)
	at java.util.concurrent.ThreadPoolExecutor$Worker.run(ThreadPoolExecutor.java:617)
	at java.lang.Thread.run(Thread.java:745)
Caused by: org.codehaus.groovy.grails.web.taglib.exceptions.GrailsTagException: Tag [redirect] does not exist. No tag library found for namespace: g
	at C__Users_Karina_Desktop_tasks_grails_app_views_index_gsp.run(C__Users_Karina_Desktop_tasks_grails_app_views_index_gsp:15)
	... 3 more
2015-08-09 01:00:15,786 [http-bio-8080-exec-8] ERROR StackTrace  - Full Stack Trace:
org.codehaus.groovy.grails.web.taglib.exceptions.GrailsTagException: Tag [redirect] does not exist. No tag library found for namespace: g
	at C__Users_Karina_Desktop_tasks_grails_app_views_index_gsp.run(C__Users_Karina_Desktop_tasks_grails_app_views_index_gsp:15)
	at java.util.concurrent.ThreadPoolExecutor.runWorker(ThreadPoolExecutor.java:1142)
	at java.util.concurrent.ThreadPoolExecutor$Worker.run(ThreadPoolExecutor.java:617)
	at java.lang.Thread.run(Thread.java:745)
2015-08-09 01:00:15,786 [http-bio-8080-exec-8] ERROR StackTrace  - Full Stack Trace:
org.codehaus.groovy.grails.web.mapping.exceptions.UrlMappingException: Error mapping onto view [/index]: Error processing GroovyPageView: Tag [redirect] does not exist. No tag library found for namespace: g
	at java.util.concurrent.ThreadPoolExecutor.runWorker(ThreadPoolExecutor.java:1142)
	at java.util.concurrent.ThreadPoolExecutor$Worker.run(ThreadPoolExecutor.java:617)
	at java.lang.Thread.run(Thread.java:745)
Caused by: org.codehaus.groovy.grails.web.pages.exceptions.GroovyPagesException: Error processing GroovyPageView: Tag [redirect] does not exist. No tag library found for namespace: g
	... 3 more
Caused by: org.codehaus.groovy.grails.web.taglib.exceptions.GrailsTagException: Tag [redirect] does not exist. No tag library found for namespace: g
	at C__Users_Karina_Desktop_tasks_grails_app_views_index_gsp.run(C__Users_Karina_Desktop_tasks_grails_app_views_index_gsp:15)
	... 3 more
